






Started logging.
2021/06/03 08:20:51 logging to c:\Dati\Cloud\Dropbox\ArduinoLibs\AsyncTelegram2\examples\ESP32\ESP32-CAM-adv\inols.log
2021/06/03 08:20:51 Initial board configuration: {"ESP32 Wrover Module" esp32:esp32:esp32wrover}
2021/06/03 08:20:51 Language server build path: C:\Users\BAN_TAG\AppData\Local\Temp\arduino-language-server750121679
2021/06/03 08:20:51 Language server build sketch root: C:\Users\BAN_TAG\AppData\Local\Temp\arduino-language-server750121679\sketch
2021/06/03 08:20:51 [92mIDE --> LS     CL: REQUEST initialize 0: [0m
2021/06/03 08:20:51 IDE --> initialize 0 [93m locked[0m
2021/06/03 08:20:51 IDE --> initialize 0 [93m unlocked[0m
2021/06/03 08:20:51 INIT--- initializing workbench
2021/06/03 08:20:51 INIT--- [93m locked[0m
2021/06/03 08:20:51     --> initialize(file:///c%3A/Dati/Cloud/Dropbox/ArduinoLibs/AsyncTelegram2/examples/ESP32/ESP32-CAM-adv)
2021/06/03 08:20:51 [91mIDE <-- LS     CL: ANSWER UNBOUND (0): [0m
2021/06/03 08:20:51 running:  c:\Program Files\Arduino IDE\resources\app\node_modules\arduino-ide-extension\build\arduino-cli.exe --config-file c:\Users\BAN_TAG\.arduinoIDE\arduino-cli.yaml compile --fqbn esp32:esp32:esp32wrover --only-compilation-database --clean --source-override C:\Users\BAN_TAG\AppData\Local\Temp\603587554 --build-path C:\Users\BAN_TAG\AppData\Local\Temp\arduino-language-server750121679 --format json C:\Dati\Cloud\Dropbox\ArduinoLibs\AsyncTelegram2\examples\ESP32\ESP32-CAM-adv
2021/06/03 08:20:51 [92mIDE --> LS     CL: NOTIFICATION initialized: [0m
2021/06/03 08:21:55 arduino-cli output: {
  "compiler_out": "",
  "compiler_err": "",
  "builder_result": {
    "build_path": "C:\\Users\\BAN_TAG\\AppData\\Local\\Temp\\arduino-language-server750121679",
    "used_libraries": [
      {
        "name": "WiFi",
        "author": "Hristo Gochkov",
        "maintainer": "Hristo Gochkov \u003christo@espressif.com\u003e",
        "sentence": "Enables network connection (local and Internet) using the ESP32 built-in WiFi.",
        "paragraph": "With this library you can instantiate Servers, Clients and send/receive UDP packets through WiFi. The shield can connect either to open or encrypted networks (WEP, WPA). The IP address can be assigned statically or through a DHCP. The library can also manage DNS.",
        "category": "Communication",
        "architectures": [
          "esp32"
        ],
        "install_dir": "C:\\Users\\BAN_TAG\\AppData\\Local\\Arduino15\\packages\\esp32\\hardware\\esp32\\1.0.6\\libraries\\WiFi",
        "source_dir": "C:\\Users\\BAN_TAG\\AppData\\Local\\Arduino15\\packages\\esp32\\hardware\\esp32\\1.0.6\\libraries\\WiFi\\src",
        "container_platform": "esp32:esp32@1.0.6",
        "real_name": "WiFi",
        "version": "1.0",
        "license": "Unspecified",
        "location": 2,
        "layout": 1,
        "examples": [
          "C:\\Users\\BAN_TAG\\AppData\\Local\\Arduino15\\packages\\esp32\\hardware\\esp32\\1.0.6\\libraries\\WiFi\\examples\\ETH_LAN8720",
          "C:\\Users\\BAN_TAG\\AppData\\Local\\Arduino15\\packages\\esp32\\hardware\\esp32\\1.0.6\\libraries\\WiFi\\examples\\ETH_LAN8720_internal_clock",
          "C:\\Users\\BAN_TAG\\AppData\\Local\\Arduino15\\packages\\esp32\\hardware\\esp32\\1.0.6\\libraries\\WiFi\\examples\\ETH_TLK110",
          "C:\\Users\\BAN_TAG\\AppData\\Local\\Arduino15\\packages\\esp32\\hardware\\esp32\\1.0.6\\libraries\\WiFi\\examples\\SimpleWiFiServer",
          "C:\\Users\\BAN_TAG\\AppData\\Local\\Arduino15\\packages\\esp32\\hardware\\esp32\\1.0.6\\libraries\\WiFi\\examples\\WPS",
          "C:\\Users\\BAN_TAG\\AppData\\Local\\Arduino15\\packages\\esp32\\hardware\\esp32\\1.0.6\\libraries\\WiFi\\examples\\WiFiAccessPoint",
          "C:\\Users\\BAN_TAG\\AppData\\Local\\Arduino15\\packages\\esp32\\hardware\\esp32\\1.0.6\\libraries\\WiFi\\examples\\WiFiBlueToothSwitch",
          "C:\\Users\\BAN_TAG\\AppData\\Local\\Arduino15\\packages\\esp32\\hardware\\esp32\\1.0.6\\libraries\\WiFi\\examples\\WiFiClient",
          "C:\\Users\\BAN_TAG\\AppData\\Local\\Arduino15\\packages\\esp32\\hardware\\esp32\\1.0.6\\libraries\\WiFi\\examples\\WiFiClientBasic",
          "C:\\Users\\BAN_TAG\\AppData\\Local\\Arduino15\\packages\\esp32\\hardware\\esp32\\1.0.6\\libraries\\WiFi\\examples\\WiFiClientEnterprise",
          "C:\\Users\\BAN_TAG\\AppData\\Local\\Arduino15\\packages\\esp32\\hardware\\esp32\\1.0.6\\libraries\\WiFi\\examples\\WiFiClientEvents",
          "C:\\Users\\BAN_TAG\\AppData\\Local\\Arduino15\\packages\\esp32\\hardware\\esp32\\1.0.6\\libraries\\WiFi\\examples\\WiFiClientStaticIP",
          "C:\\Users\\BAN_TAG\\AppData\\Local\\Arduino15\\packages\\esp32\\hardware\\esp32\\1.0.6\\libraries\\WiFi\\examples\\WiFiIPv6",
          "C:\\Users\\BAN_TAG\\AppData\\Local\\Arduino15\\packages\\esp32\\hardware\\esp32\\1.0.6\\libraries\\WiFi\\examples\\WiFiMulti",
          "C:\\Users\\BAN_TAG\\AppData\\Local\\Arduino15\\packages\\esp32\\hardware\\esp32\\1.0.6\\libraries\\WiFi\\examples\\WiFiScan",
          "C:\\Users\\BAN_TAG\\AppData\\Local\\Arduino15\\packages\\esp32\\hardware\\esp32\\1.0.6\\libraries\\WiFi\\examples\\WiFiSmartConfig",
          "C:\\Users\\BAN_TAG\\AppData\\Local\\Arduino15\\packages\\esp32\\hardware\\esp32\\1.0.6\\libraries\\WiFi\\examples\\WiFiTelnetToSerial",
          "C:\\Users\\BAN_TAG\\AppData\\Local\\Arduino15\\packages\\esp32\\hardware\\esp32\\1.0.6\\libraries\\WiFi\\examples\\WiFiUDPClient"
        ],
        "provides_includes": [
          "ETH.h",
          "WiFi.h",
          "WiFiAP.h",
          "WiFiClient.h",
          "WiFiGeneric.h",
          "WiFiMulti.h",
          "WiFiSTA.h",
          "WiFiScan.h",
          "WiFiServer.h",
          "WiFiType.h",
          "WiFiUdp.h"
        ]
      },
      {
        "name": "FS",
        "author": "Hristo Gochkov, Ivan Grokhtkov",
        "maintainer": "Hristo Gochkov \u003christo@espressif.com\u003e",
        "sentence": "ESP32 File System",
        "category": "Data Storage",
        "architectures": [
          "esp32"
        ],
        "install_dir": "C:\\Users\\BAN_TAG\\AppData\\Local\\Arduino15\\packages\\esp32\\hardware\\esp32\\1.0.6\\libraries\\FS",
        "source_dir": "C:\\Users\\BAN_TAG\\AppData\\Local\\Arduino15\\packages\\esp32\\hardware\\esp32\\1.0.6\\libraries\\FS\\src",
        "container_platform": "esp32:esp32@1.0.6",
        "real_name": "FS",
        "version": "1.0",
        "license": "Unspecified",
        "location": 2,
        "layout": 1,
        "provides_includes": [
          "FS.h",
          "FSImpl.h",
          "vfs_api.h"
        ]
      },
      {
        "name": "SPIFFS",
        "author": "Hristo Gochkov, Ivan Grokhtkov",
        "maintainer": "Hristo Gochkov \u003christo@espressif.com\u003e",
        "sentence": "ESP32 SPIFFS File System",
        "category": "Data Storage",
        "architectures": [
          "esp32"
        ],
        "install_dir": "C:\\Users\\BAN_TAG\\AppData\\Local\\Arduino15\\packages\\esp32\\hardware\\esp32\\1.0.6\\libraries\\SPIFFS",
        "source_dir": "C:\\Users\\BAN_TAG\\AppData\\Local\\Arduino15\\packages\\esp32\\hardware\\esp32\\1.0.6\\libraries\\SPIFFS\\src",
        "container_platform": "esp32:esp32@1.0.6",
        "real_name": "SPIFFS",
        "version": "1.0",
        "license": "Unspecified",
        "location": 2,
        "layout": 1,
        "examples": [
          "C:\\Users\\BAN_TAG\\AppData\\Local\\Arduino15\\packages\\esp32\\hardware\\esp32\\1.0.6\\libraries\\SPIFFS\\examples\\SPIFFS_Test",
          "C:\\Users\\BAN_TAG\\AppData\\Local\\Arduino15\\packages\\esp32\\hardware\\esp32\\1.0.6\\libraries\\SPIFFS\\examples\\SPIFFS_time"
        ],
        "provides_includes": [
          "SPIFFS.h"
        ]
      },
      {
        "name": "AsyncTelegram2",
        "author": "Tolentino Cotesta \u003ccotestatnt@yahoo.com\u003e",
        "maintainer": "Tolentino Cotesta \u003ccotestatnt@yahoo.com\u003e",
        "sentence": "Powerful, flexible and secure Arduino Telegram BOT library. Hardware independent, it can be used with any MCU capable of handling an SSL connection.",
        "paragraph": "Async and no blocking Arduino library for using Telegram bots. Send message to users, channels and groups. Image message supported (both url and filesystem). Reply and Inline keyboard (with callback functions) supported. Localization messages supported. Remote OTA supported.",
        "website": "https://github.com/cotestatnt/asynctelegram",
        "category": "Communication",
        "architectures": [
          "*"
        ],
        "install_dir": "C:\\Users\\BAN_TAG\\Documents\\Arduino\\libraries\\AsyncTelegram2",
        "source_dir": "C:\\Users\\BAN_TAG\\Documents\\Arduino\\libraries\\AsyncTelegram2\\src",
        "real_name": "AsyncTelegram2",
        "version": "2.0.0",
        "license": "Unspecified",
        "location": 1,
        "layout": 1,
        "examples": [
          "C:\\Users\\BAN_TAG\\Documents\\Arduino\\libraries\\AsyncTelegram2\\examples\\ESP32\\ESP32-CAM",
          "C:\\Users\\BAN_TAG\\Documents\\Arduino\\libraries\\AsyncTelegram2\\examples\\ESP32\\ESP32-CAM-adv",
          "C:\\Users\\BAN_TAG\\Documents\\Arduino\\libraries\\AsyncTelegram2\\examples\\ESP32\\sendPhoto",
          "C:\\Users\\BAN_TAG\\Documents\\Arduino\\libraries\\AsyncTelegram2\\examples\\ESP32\\sendPhoto_SPIFFS",
          "C:\\Users\\BAN_TAG\\Documents\\Arduino\\libraries\\AsyncTelegram2\\examples\\ESP8266\\OTA_buttonQuery",
          "C:\\Users\\BAN_TAG\\Documents\\Arduino\\libraries\\AsyncTelegram2\\examples\\ESP8266\\OTA_password",
          "C:\\Users\\BAN_TAG\\Documents\\Arduino\\libraries\\AsyncTelegram2\\examples\\ESP8266\\sendPhotoESP8266",
          "C:\\Users\\BAN_TAG\\Documents\\Arduino\\libraries\\AsyncTelegram2\\examples\\Ethernet",
          "C:\\Users\\BAN_TAG\\Documents\\Arduino\\libraries\\AsyncTelegram2\\examples\\advanced\\EventScheduler",
          "C:\\Users\\BAN_TAG\\Documents\\Arduino\\libraries\\AsyncTelegram2\\examples\\echoBot",
          "C:\\Users\\BAN_TAG\\Documents\\Arduino\\libraries\\AsyncTelegram2\\examples\\keyboardCallback",
          "C:\\Users\\BAN_TAG\\Documents\\Arduino\\libraries\\AsyncTelegram2\\examples\\keyboards",
          "C:\\Users\\BAN_TAG\\Documents\\Arduino\\libraries\\AsyncTelegram2\\examples\\lightBot"
        ],
        "provides_includes": [
          "AsyncTelegram2.h",
          "DataStructures.h",
          "InlineKeyboard.h",
          "ReplyKeyboard.h",
          "serial_log.h",
          "tg_certificate.h"
        ]
      },
      {
        "name": "ArduinoJson",
        "author": "Benoit Blanchon \u003cblog.benoitblanchon.fr\u003e",
        "maintainer": "Benoit Blanchon \u003cblog.benoitblanchon.fr\u003e",
        "sentence": "A simple and efficient JSON library for embedded C++.",
        "paragraph": "ArduinoJson supports âœ” serialization, âœ” deserialization, âœ” MessagePack, âœ” fixed allocation, âœ” zero-copy, âœ” streams, âœ” filtering, and more. It is the most popular Arduino library on GitHub â¤â¤â¤â¤â¤. Check out arduinojson.org for a comprehensive documentation.",
        "website": "https://arduinojson.org/?utm_source=meta\u0026utm_medium=library.properties",
        "category": "Data Processing",
        "architectures": [
          "*"
        ],
        "install_dir": "C:\\Users\\BAN_TAG\\Documents\\Arduino\\libraries\\ArduinoJson",
        "source_dir": "C:\\Users\\BAN_TAG\\Documents\\Arduino\\libraries\\ArduinoJson\\src",
        "real_name": "ArduinoJson",
        "version": "6.18.0",
        "license": "MIT",
        "location": 1,
        "layout": 1,
        "examples": [
          "C:\\Users\\BAN_TAG\\Documents\\Arduino\\libraries\\ArduinoJson\\examples\\JsonConfigFile",
          "C:\\Users\\BAN_TAG\\Documents\\Arduino\\libraries\\ArduinoJson\\examples\\JsonFilterExample",
          "C:\\Users\\BAN_TAG\\Documents\\Arduino\\libraries\\ArduinoJson\\examples\\JsonGeneratorExample",
          "C:\\Users\\BAN_TAG\\Documents\\Arduino\\libraries\\ArduinoJson\\examples\\JsonHttpClient",
          "C:\\Users\\BAN_TAG\\Documents\\Arduino\\libraries\\ArduinoJson\\examples\\JsonParserExample",
          "C:\\Users\\BAN_TAG\\Documents\\Arduino\\libraries\\ArduinoJson\\examples\\JsonServer",
          "C:\\Users\\BAN_TAG\\Documents\\Arduino\\libraries\\ArduinoJson\\examples\\JsonUdpBeacon",
          "C:\\Users\\BAN_TAG\\Documents\\Arduino\\libraries\\ArduinoJson\\examples\\MsgPackParser",
          "C:\\Users\\BAN_TAG\\Documents\\Arduino\\libraries\\ArduinoJson\\examples\\ProgmemExample",
          "C:\\Users\\BAN_TAG\\Documents\\Arduino\\libraries\\ArduinoJson\\examples\\StringExample"
        ],
        "provides_includes": [
          "ArduinoJson.h",
          "ArduinoJson.hpp"
        ]
      },
      {
        "name": "SSLClient",
        "author": "Noah Koontz \u003ckoontzn@oregonstate.edu\u003e",
        "maintainer": "OPEnS Lab",
        "sentence": "Arduino library to add TLS functionality to any Client class",
        "paragraph": "including the Arduino EthernetClient and WiFiClient classes (though it is better to prefer WiFClient.connectSSL if implemented). In other words, SSLClient implements encrypted communication through SSL on devices that do not otherwise support it.",
        "website": "https://github.com/OPEnSLab-OSU/SSLClient",
        "category": "Communication",
        "architectures": [
          "samd",
          "sam",
          "tivac",
          "stm32",
          "esp32"
        ],
        "install_dir": "C:\\Users\\BAN_TAG\\Documents\\Arduino\\libraries\\SSLClient",
        "source_dir": "C:\\Users\\BAN_TAG\\Documents\\Arduino\\libraries\\SSLClient\\src",
        "real_name": "SSLClient",
        "version": "1.6.11",
        "license": "Unspecified",
        "location": 1,
        "layout": 1,
        "examples": [
          "C:\\Users\\BAN_TAG\\Documents\\Arduino\\libraries\\SSLClient\\examples\\EthernetAWSIoT",
          "C:\\Users\\BAN_TAG\\Documents\\Arduino\\libraries\\SSLClient\\examples\\EthernetHTTPS",
          "C:\\Users\\BAN_TAG\\Documents\\Arduino\\libraries\\SSLClient\\examples\\EthernetMQTT",
          "C:\\Users\\BAN_TAG\\Documents\\Arduino\\libraries\\SSLClient\\examples\\EthernetMultiHTTPS",
          "C:\\Users\\BAN_TAG\\Documents\\Arduino\\libraries\\SSLClient\\examples\\stm32\\EthernetHTTPSstm32",
          "C:\\Users\\BAN_TAG\\Documents\\Arduino\\libraries\\SSLClient\\examples\\tivac\\EthernetHTTPStivac"
        ],
        "provides_includes": [
          "SSLClient.h"
        ]
      },
      {
        "name": "FFat",
        "author": "Hristo Gochkov, Ivan Grokhtkov, Larry Bernstone",
        "maintainer": "Hristo Gochkov \u003christo@espressif.com\u003e",
        "sentence": "ESP32 FAT on Flash File System",
        "category": "Data Storage",
        "architectures": [
          "esp32"
        ],
        "install_dir": "C:\\Users\\BAN_TAG\\AppData\\Local\\Arduino15\\packages\\esp32\\hardware\\esp32\\1.0.6\\libraries\\FFat",
        "source_dir": "C:\\Users\\BAN_TAG\\AppData\\Local\\Arduino15\\packages\\esp32\\hardware\\esp32\\1.0.6\\libraries\\FFat\\src",
        "container_platform": "esp32:esp32@1.0.6",
        "real_name": "FFat",
        "version": "1.0",
        "license": "Unspecified",
        "location": 2,
        "layout": 1,
        "examples": [
          "C:\\Users\\BAN_TAG\\AppData\\Local\\Arduino15\\packages\\esp32\\hardware\\esp32\\1.0.6\\libraries\\FFat\\examples\\FFat_Test",
          "C:\\Users\\BAN_TAG\\AppData\\Local\\Arduino15\\packages\\esp32\\hardware\\esp32\\1.0.6\\libraries\\FFat\\examples\\FFat_time"
        ],
        "provides_includes": [
          "FFat.h"
        ]
      }
    ]
  },
  "success": true
}

2021/06/03 08:21:55 running:  c:\Program Files\Arduino IDE\resources\app\node_modules\arduino-ide-extension\build\arduino-cli.exe --config-file c:\Users\BAN_TAG\.arduinoIDE\arduino-cli.yaml config dump --format json
2021/06/03 08:21:55 Arduino Data Dir ->  C:\Users\BAN_TAG\AppData\Local\Arduino15
2021/06/03 08:21:55     Starting clangd: c:\Program Files\Arduino IDE\resources\app\node_modules\arduino-ide-extension\build\bin\clangd.exe -log=verbose --compile-commands-dir=C:\Users\BAN_TAG\AppData\Local\Temp\arduino-language-server750121679 -query-driver=C:\Users\BAN_TAG\AppData\Local\Arduino15\packages\**
2021/06/03 08:21:55 logging to c:\Dati\Cloud\Dropbox\ArduinoLibs\AsyncTelegram2\examples\ESP32\ESP32-CAM-adv\inols-clangd.log
2021/06/03 08:21:55 logging to c:\Dati\Cloud\Dropbox\ArduinoLibs\AsyncTelegram2\examples\ESP32\ESP32-CAM-adv\inols-clangd-err.log
2021/06/03 08:21:55 [91mIDE     LS --> CL: REQUEST initialize 0: [0m
2021/06/03 08:21:55 [92mIDE     LS <-- CL: ANSWER initialize 0 (0): [0m
2021/06/03 08:21:55 [91mIDE     LS --> CL: NOTIFICATION initialized: [0m
2021/06/03 08:21:55 INIT--- initializing workbench (done)
2021/06/03 08:21:55 INIT--- [93m unlocked[0m
2021/06/03 08:21:55 IDE --> initialized notif1 [93m read-locked[0m
2021/06/03 08:21:55 IDE --> initialized notif1 notification is not propagated to clangd
2021/06/03 08:21:55 IDE --> initialized notif1 [93m read-unlocked[0m
2021/06/03 08:21:55 [92mIDE --> LS     CL: NOTIFICATION textDocument/didOpen: [0m
2021/06/03 08:21:55 IDE --> textDocument/didOpen notif2 [93m locked[0m
2021/06/03 08:21:55 IDE --> textDocument/didOpen notif2 (file:///c%3A/Dati/Cloud/Dropbox/ArduinoLibs/AsyncTelegram2/examples/ESP32/ESP32-CAM-adv/camera_pins.h@1 as 'cpp')
2021/06/03 08:21:55     URI: 'C:\Dati\Cloud\Dropbox\ArduinoLibs\AsyncTelegram2\examples\ESP32\ESP32-CAM-adv\camera_pins.h' -> 'C:\Users\BAN_TAG\AppData\Local\Temp\arduino-language-server750121679\sketch\camera_pins.h'
2021/06/03 08:21:55 IDE --> textDocument/didOpen notif2 to clang: didOpen(file:///C:/Users/BAN_TAG/AppData/Local/Temp/arduino-language-server750121679/sketch/camera_pins.h@1 as 'cpp')
2021/06/03 08:21:55 IDE --> textDocument/didOpen notif2 sent to Clang
2021/06/03 08:21:55 [91mIDE     LS --> CL: NOTIFICATION textDocument/didOpen: [0m
2021/06/03 08:21:55 IDE --> textDocument/didOpen notif2 Queued resfreshing document symbols
2021/06/03 08:21:55 IDE --> textDocument/didOpen notif2 [93m unlocked[0m
2021/06/03 08:21:55 SYLD--- [93m read-locked[0m
2021/06/03 08:21:55 SYLD--- requesting documentSymbol for file:///C:/Users/BAN_TAG/AppData/Local/Temp/arduino-language-server750121679/sketch/ESP32-CAM-adv.ino.cpp
2021/06/03 08:21:55 SYLD--- [93m read-unlocked[0m
2021/06/03 08:21:55 [91mIDE     LS --> CL: REQUEST textDocument/documentSymbol 1: [0m
2021/06/03 08:21:55 [92mIDE --> LS     CL: NOTIFICATION textDocument/didOpen: [0m
2021/06/03 08:21:55 IDE --> textDocument/didOpen notif3 [93m locked[0m
2021/06/03 08:21:55 IDE --> textDocument/didOpen notif3 (file:///c%3A/Dati/Cloud/Dropbox/ArduinoLibs/AsyncTelegram2/examples/ESP32/ESP32-CAM-adv/ESP32-CAM-adv.ino@1 as 'cpp')
2021/06/03 08:21:55 [92mIDE     LS <-- CL: ANSWER textDocument/documentSymbol 1 (1): [0m
2021/06/03 08:21:55     increasing .ino tracked files count: 1
2021/06/03 08:21:55 IDE --> textDocument/didOpen notif3 to clang: didOpen(file:///C:/Users/BAN_TAG/AppData/Local/Temp/arduino-language-server750121679/sketch/ESP32-CAM-adv.ino.cpp@1 as 'cpp')
2021/06/03 08:21:55 IDE --> textDocument/didOpen notif3 sent to Clang
2021/06/03 08:21:55 [91mIDE     LS --> CL: NOTIFICATION textDocument/didOpen: [0m
2021/06/03 08:21:55 IDE --> textDocument/didOpen notif3 [93m unlocked[0m
2021/06/03 08:21:55 [92mIDE --> LS     CL: REQUEST textDocument/codeAction 1: [0m
2021/06/03 08:21:55 SYLD--- [93m read-locked[0m
2021/06/03 08:21:55 SYLD--- error: jsonrpc2: code -32602 message: trying to get AST for non-added document
2021/06/03 08:21:55 SYLD--- [93m read-unlocked[0m
2021/06/03 08:21:55 SYLD--- (done)
2021/06/03 08:21:55 IDE --> textDocument/codeAction 1 [93m read-locked[0m
2021/06/03 08:21:55 --> codeAction(file:///c%3A/Dati/Cloud/Dropbox/ArduinoLibs/AsyncTelegram2/examples/ESP32/ESP32-CAM-adv/camera_pins.h:248:2)
2021/06/03 08:21:55     URI: 'C:\Dati\Cloud\Dropbox\ArduinoLibs\AsyncTelegram2\examples\ESP32\ESP32-CAM-adv\camera_pins.h' -> 'C:\Users\BAN_TAG\AppData\Local\Temp\arduino-language-server750121679\sketch\camera_pins.h'
2021/06/03 08:21:55     --> codeAction(file:///C:/Users/BAN_TAG/AppData/Local/Temp/arduino-language-server750121679/sketch/camera_pins.h:248:2)
2021/06/03 08:21:55 IDE --> textDocument/codeAction 1 sent to Clang
2021/06/03 08:21:55 [91mIDE     LS --> CL: REQUEST textDocument/codeAction 2: [0m
2021/06/03 08:21:56 [92mIDE     LS <-- CL: REQUEST window/workDoneProgress/create 0: [0m
2021/06/03 08:21:56 [91mIDE     LS --> CL: ANSWER UNBOUND (0): [0m
2021/06/03 08:21:56 [91mIDE <-- LS     CL: REQUEST window/workDoneProgress/create 0: [0m
2021/06/03 08:21:56 [92mIDE     LS <-- CL: NOTIFICATION $/progress: TOKEN=backgroundIndexProgress BEGIN indexing [0m
2021/06/03 08:21:56 [92mIDE     LS <-- CL: NOTIFICATION $/progress: TOKEN=backgroundIndexProgress REPORT 0/1 0%[0m
2021/06/03 08:21:56 [92mIDE     LS <-- CL: NOTIFICATION textDocument/publishDiagnostics: [0m
2021/06/03 08:21:56 CLG <-- textDocument/publishDiagnostics notif3 (queued)
2021/06/03 08:21:56 CLG <-- textDocument/publishDiagnostics notif3 [93m read-locked[0m
2021/06/03 08:21:56 CLG <-- textDocument/publishDiagnostics notif3 (running)
2021/06/03 08:21:56 [92mIDE     LS <-- CL: ANSWER textDocument/codeAction 2 (2): [0m
2021/06/03 08:21:56 CLG <-- textDocument/publishDiagnostics notif3 publishDiagnostics(file:///C:/Users/BAN_TAG/AppData/Local/Temp/arduino-language-server750121679/sketch/camera_pins.h):
2021/06/03 08:21:56 CLG <-- textDocument/publishDiagnostics notif3 > 0:0 - 1: drv_unknown_argument
2021/06/03 08:21:56 CLG <-- textDocument/publishDiagnostics notif3 > 0:0 - 1: drv_unknown_argument_with_suggestion
2021/06/03 08:21:56 CLG <-- textDocument/publishDiagnostics notif3 > 0:0 - 1: drv_unknown_argument
2021/06/03 08:21:56 CLG <-- textDocument/publishDiagnostics notif3 > 224:7 - 1: unknown_typename
2021/06/03 08:21:56 CLG <-- textDocument/publishDiagnostics notif3 > 242:16 - 1: undeclared_var_use
2021/06/03 08:21:56 CLG <-- textDocument/publishDiagnostics notif3 > 243:18 - 1: undeclared_var_use
2021/06/03 08:21:56 CLG <-- textDocument/publishDiagnostics notif3 > 244:18 - 1: undeclared_var_use
2021/06/03 08:21:56 CLG <-- textDocument/publishDiagnostics notif3 > 245:16 - 1: undeclared_var_use
2021/06/03 08:21:56 CLG <-- textDocument/publishDiagnostics notif3 > 254:19 - 1: undeclared_var_use
2021/06/03 08:21:56 CLG <-- textDocument/publishDiagnostics notif3 > 257:7 - 1: unknown_typename
2021/06/03 08:21:56 CLG <-- textDocument/publishDiagnostics notif3 > 259:2 - 1: undeclared_var_use
2021/06/03 08:21:56 CLG <-- textDocument/publishDiagnostics notif3 > 260:2 - 1: unknown_typename
2021/06/03 08:21:56 CLG <-- textDocument/publishDiagnostics notif3 > 262:13 - 1: undeclared_var_use
2021/06/03 08:21:56 CLG <-- textDocument/publishDiagnostics notif3 > 263:4 - 1: undeclared_var_use
2021/06/03 08:21:56 CLG <-- textDocument/publishDiagnostics notif3 > 264:4 - 1: undeclared_var_use
2021/06/03 08:21:56 CLG <-- textDocument/publishDiagnostics notif3 > 265:4 - 1: undeclared_var_use
2021/06/03 08:21:56 CLG <-- textDocument/publishDiagnostics notif3 > 268:4 - 1: undeclared_var_use
2021/06/03 08:21:56 CLG <-- textDocument/publishDiagnostics notif3 > 271:4 - 1: unknown_typename
2021/06/03 08:21:56 CLG <-- textDocument/publishDiagnostics notif3 > 271:18 - 1: undeclared_var_use
2021/06/03 08:21:56 CLG <-- textDocument/publishDiagnostics notif3 > 275:23 - 1: undeclared_var_use
2021/06/03 08:21:56 CLG <-- textDocument/publishDiagnostics notif3 > 276:23 - 1: undeclared_var_use
2021/06/03 08:21:56 CLG <-- textDocument/publishDiagnostics notif3 > 277:23 - 1: undeclared_var_use
2021/06/03 08:21:56 CLG <-- textDocument/publishDiagnostics notif3 > 0:0 - 1: fatal_too_many_errors
2021/06/03 08:21:56     <-- codeAction(0 elements)
2021/06/03 08:21:56 <-- codeAction(0 elements)
2021/06/03 08:21:56 IDE --> textDocument/codeAction 1 [93m read-unlocked[0m
2021/06/03 08:21:56 [91mIDE <-- LS     CL: ANSWER UNBOUND (1): [0m
2021/06/03 08:21:56 [92mIDE --> LS     CL: REQUEST textDocument/hover 2: [0m
2021/06/03 08:21:56 IDE --> textDocument/hover 2 [93m read-locked[0m
2021/06/03 08:21:56 --> hover(file:///c%3A/Dati/Cloud/Dropbox/ArduinoLibs/AsyncTelegram2/examples/ESP32/ESP32-CAM-adv/ESP32-CAM-adv.ino:25:33)
2021/06/03 08:21:56     URI: 'C:\Users\BAN_TAG\AppData\Local\Temp\arduino-language-server750121679\sketch\camera_pins.h' -> 'C:\Dati\Cloud\Dropbox\ArduinoLibs\AsyncTelegram2\examples\ESP32\ESP32-CAM-adv\camera_pins.h'
2021/06/03 08:21:56               as URI: 'file:///c%3A/Dati/Cloud/Dropbox/ArduinoLibs/AsyncTelegram2/examples/ESP32/ESP32-CAM-adv/camera_pins.h'
2021/06/03 08:21:56     --> hover(file:///C:/Users/BAN_TAG/AppData/Local/Temp/arduino-language-server750121679/sketch/ESP32-CAM-adv.ino.cpp:27:33)
2021/06/03 08:21:56 IDE --> textDocument/hover 2 sent to Clang
2021/06/03 08:21:56     URI: 'C:\Users\BAN_TAG\AppData\Local\Temp\arduino-language-server750121679\sketch\camera_pins.h' -> 'C:\Dati\Cloud\Dropbox\ArduinoLibs\AsyncTelegram2\examples\ESP32\ESP32-CAM-adv\camera_pins.h'
2021/06/03 08:21:56               as URI: 'file:///c%3A/Dati/Cloud/Dropbox/ArduinoLibs/AsyncTelegram2/examples/ESP32/ESP32-CAM-adv/camera_pins.h'
2021/06/03 08:21:56 [91mIDE     LS --> CL: REQUEST textDocument/hover 3: [0m
2021/06/03 08:21:56     URI: 'C:\Users\BAN_TAG\AppData\Local\Temp\arduino-language-server750121679\sketch\camera_pins.h' -> 'C:\Dati\Cloud\Dropbox\ArduinoLibs\AsyncTelegram2\examples\ESP32\ESP32-CAM-adv\camera_pins.h'
2021/06/03 08:21:56               as URI: 'file:///c%3A/Dati/Cloud/Dropbox/ArduinoLibs/AsyncTelegram2/examples/ESP32/ESP32-CAM-adv/camera_pins.h'
2021/06/03 08:21:56     URI: 'C:\Users\BAN_TAG\AppData\Local\Temp\arduino-language-server750121679\sketch\camera_pins.h' -> 'C:\Dati\Cloud\Dropbox\ArduinoLibs\AsyncTelegram2\examples\ESP32\ESP32-CAM-adv\camera_pins.h'
2021/06/03 08:21:56               as URI: 'file:///c%3A/Dati/Cloud/Dropbox/ArduinoLibs/AsyncTelegram2/examples/ESP32/ESP32-CAM-adv/camera_pins.h'
2021/06/03 08:21:56     URI: 'C:\Users\BAN_TAG\AppData\Local\Temp\arduino-language-server750121679\sketch\camera_pins.h' -> 'C:\Dati\Cloud\Dropbox\ArduinoLibs\AsyncTelegram2\examples\ESP32\ESP32-CAM-adv\camera_pins.h'
2021/06/03 08:21:56               as URI: 'file:///c%3A/Dati/Cloud/Dropbox/ArduinoLibs/AsyncTelegram2/examples/ESP32/ESP32-CAM-adv/camera_pins.h'
2021/06/03 08:21:56     URI: 'C:\Users\BAN_TAG\AppData\Local\Temp\arduino-language-server750121679\sketch\camera_pins.h' -> 'C:\Dati\Cloud\Dropbox\ArduinoLibs\AsyncTelegram2\examples\ESP32\ESP32-CAM-adv\camera_pins.h'
2021/06/03 08:21:56               as URI: 'file:///c%3A/Dati/Cloud/Dropbox/ArduinoLibs/AsyncTelegram2/examples/ESP32/ESP32-CAM-adv/camera_pins.h'
2021/06/03 08:21:56     URI: 'C:\Users\BAN_TAG\AppData\Local\Temp\arduino-language-server750121679\sketch\camera_pins.h' -> 'C:\Dati\Cloud\Dropbox\ArduinoLibs\AsyncTelegram2\examples\ESP32\ESP32-CAM-adv\camera_pins.h'
2021/06/03 08:21:56               as URI: 'file:///c%3A/Dati/Cloud/Dropbox/ArduinoLibs/AsyncTelegram2/examples/ESP32/ESP32-CAM-adv/camera_pins.h'
2021/06/03 08:21:56     URI: 'C:\Users\BAN_TAG\AppData\Local\Temp\arduino-language-server750121679\sketch\camera_pins.h' -> 'C:\Dati\Cloud\Dropbox\ArduinoLibs\AsyncTelegram2\examples\ESP32\ESP32-CAM-adv\camera_pins.h'
2021/06/03 08:21:56               as URI: 'file:///c%3A/Dati/Cloud/Dropbox/ArduinoLibs/AsyncTelegram2/examples/ESP32/ESP32-CAM-adv/camera_pins.h'
2021/06/03 08:21:56     URI: 'C:\Users\BAN_TAG\AppData\Local\Temp\arduino-language-server750121679\sketch\camera_pins.h' -> 'C:\Dati\Cloud\Dropbox\ArduinoLibs\AsyncTelegram2\examples\ESP32\ESP32-CAM-adv\camera_pins.h'
2021/06/03 08:21:56               as URI: 'file:///c%3A/Dati/Cloud/Dropbox/ArduinoLibs/AsyncTelegram2/examples/ESP32/ESP32-CAM-adv/camera_pins.h'
2021/06/03 08:21:56     URI: 'C:\Users\BAN_TAG\AppData\Local\Temp\arduino-language-server750121679\sketch\camera_pins.h' -> 'C:\Dati\Cloud\Dropbox\ArduinoLibs\AsyncTelegram2\examples\ESP32\ESP32-CAM-adv\camera_pins.h'
2021/06/03 08:21:56               as URI: 'file:///c%3A/Dati/Cloud/Dropbox/ArduinoLibs/AsyncTelegram2/examples/ESP32/ESP32-CAM-adv/camera_pins.h'
2021/06/03 08:21:56     URI: 'C:\Users\BAN_TAG\AppData\Local\Temp\arduino-language-server750121679\sketch\camera_pins.h' -> 'C:\Dati\Cloud\Dropbox\ArduinoLibs\AsyncTelegram2\examples\ESP32\ESP32-CAM-adv\camera_pins.h'
2021/06/03 08:21:56               as URI: 'file:///c%3A/Dati/Cloud/Dropbox/ArduinoLibs/AsyncTelegram2/examples/ESP32/ESP32-CAM-adv/camera_pins.h'
2021/06/03 08:21:56     URI: 'C:\Users\BAN_TAG\AppData\Local\Temp\arduino-language-server750121679\sketch\camera_pins.h' -> 'C:\Dati\Cloud\Dropbox\ArduinoLibs\AsyncTelegram2\examples\ESP32\ESP32-CAM-adv\camera_pins.h'
2021/06/03 08:21:56               as URI: 'file:///c%3A/Dati/Cloud/Dropbox/ArduinoLibs/AsyncTelegram2/examples/ESP32/ESP32-CAM-adv/camera_pins.h'
2021/06/03 08:21:56     URI: 'C:\Users\BAN_TAG\AppData\Local\Temp\arduino-language-server750121679\sketch\camera_pins.h' -> 'C:\Dati\Cloud\Dropbox\ArduinoLibs\AsyncTelegram2\examples\ESP32\ESP32-CAM-adv\camera_pins.h'
2021/06/03 08:21:56               as URI: 'file:///c%3A/Dati/Cloud/Dropbox/ArduinoLibs/AsyncTelegram2/examples/ESP32/ESP32-CAM-adv/camera_pins.h'
2021/06/03 08:21:56     URI: 'C:\Users\BAN_TAG\AppData\Local\Temp\arduino-language-server750121679\sketch\camera_pins.h' -> 'C:\Dati\Cloud\Dropbox\ArduinoLibs\AsyncTelegram2\examples\ESP32\ESP32-CAM-adv\camera_pins.h'
2021/06/03 08:21:56               as URI: 'file:///c%3A/Dati/Cloud/Dropbox/ArduinoLibs/AsyncTelegram2/examples/ESP32/ESP32-CAM-adv/camera_pins.h'
2021/06/03 08:21:56     URI: 'C:\Users\BAN_TAG\AppData\Local\Temp\arduino-language-server750121679\sketch\camera_pins.h' -> 'C:\Dati\Cloud\Dropbox\ArduinoLibs\AsyncTelegram2\examples\ESP32\ESP32-CAM-adv\camera_pins.h'
2021/06/03 08:21:56               as URI: 'file:///c%3A/Dati/Cloud/Dropbox/ArduinoLibs/AsyncTelegram2/examples/ESP32/ESP32-CAM-adv/camera_pins.h'
2021/06/03 08:21:56     URI: 'C:\Users\BAN_TAG\AppData\Local\Temp\arduino-language-server750121679\sketch\camera_pins.h' -> 'C:\Dati\Cloud\Dropbox\ArduinoLibs\AsyncTelegram2\examples\ESP32\ESP32-CAM-adv\camera_pins.h'
2021/06/03 08:21:56               as URI: 'file:///c%3A/Dati/Cloud/Dropbox/ArduinoLibs/AsyncTelegram2/examples/ESP32/ESP32-CAM-adv/camera_pins.h'
2021/06/03 08:21:56     URI: 'C:\Users\BAN_TAG\AppData\Local\Temp\arduino-language-server750121679\sketch\camera_pins.h' -> 'C:\Dati\Cloud\Dropbox\ArduinoLibs\AsyncTelegram2\examples\ESP32\ESP32-CAM-adv\camera_pins.h'
2021/06/03 08:21:56               as URI: 'file:///c%3A/Dati/Cloud/Dropbox/ArduinoLibs/AsyncTelegram2/examples/ESP32/ESP32-CAM-adv/camera_pins.h'
2021/06/03 08:21:56     URI: 'C:\Users\BAN_TAG\AppData\Local\Temp\arduino-language-server750121679\sketch\camera_pins.h' -> 'C:\Dati\Cloud\Dropbox\ArduinoLibs\AsyncTelegram2\examples\ESP32\ESP32-CAM-adv\camera_pins.h'
2021/06/03 08:21:56               as URI: 'file:///c%3A/Dati/Cloud/Dropbox/ArduinoLibs/AsyncTelegram2/examples/ESP32/ESP32-CAM-adv/camera_pins.h'
2021/06/03 08:21:56     URI: 'C:\Users\BAN_TAG\AppData\Local\Temp\arduino-language-server750121679\sketch\camera_pins.h' -> 'C:\Dati\Cloud\Dropbox\ArduinoLibs\AsyncTelegram2\examples\ESP32\ESP32-CAM-adv\camera_pins.h'
2021/06/03 08:21:56               as URI: 'file:///c%3A/Dati/Cloud/Dropbox/ArduinoLibs/AsyncTelegram2/examples/ESP32/ESP32-CAM-adv/camera_pins.h'
2021/06/03 08:21:56     URI: 'C:\Users\BAN_TAG\AppData\Local\Temp\arduino-language-server750121679\sketch\camera_pins.h' -> 'C:\Dati\Cloud\Dropbox\ArduinoLibs\AsyncTelegram2\examples\ESP32\ESP32-CAM-adv\camera_pins.h'
2021/06/03 08:21:56               as URI: 'file:///c%3A/Dati/Cloud/Dropbox/ArduinoLibs/AsyncTelegram2/examples/ESP32/ESP32-CAM-adv/camera_pins.h'
2021/06/03 08:21:56     URI: 'C:\Users\BAN_TAG\AppData\Local\Temp\arduino-language-server750121679\sketch\camera_pins.h' -> 'C:\Dati\Cloud\Dropbox\ArduinoLibs\AsyncTelegram2\examples\ESP32\ESP32-CAM-adv\camera_pins.h'
2021/06/03 08:21:56               as URI: 'file:///c%3A/Dati/Cloud/Dropbox/ArduinoLibs/AsyncTelegram2/examples/ESP32/ESP32-CAM-adv/camera_pins.h'
2021/06/03 08:21:56     URI: 'C:\Users\BAN_TAG\AppData\Local\Temp\arduino-language-server750121679\sketch\camera_pins.h' -> 'C:\Dati\Cloud\Dropbox\ArduinoLibs\AsyncTelegram2\examples\ESP32\ESP32-CAM-adv\camera_pins.h'
2021/06/03 08:21:56               as URI: 'file:///c%3A/Dati/Cloud/Dropbox/ArduinoLibs/AsyncTelegram2/examples/ESP32/ESP32-CAM-adv/camera_pins.h'
2021/06/03 08:21:56     URI: 'C:\Users\BAN_TAG\AppData\Local\Temp\arduino-language-server750121679\sketch\camera_pins.h' -> 'C:\Dati\Cloud\Dropbox\ArduinoLibs\AsyncTelegram2\examples\ESP32\ESP32-CAM-adv\camera_pins.h'
2021/06/03 08:21:56               as URI: 'file:///c%3A/Dati/Cloud/Dropbox/ArduinoLibs/AsyncTelegram2/examples/ESP32/ESP32-CAM-adv/camera_pins.h'
2021/06/03 08:21:56     URI: 'C:\Users\BAN_TAG\AppData\Local\Temp\arduino-language-server750121679\sketch\camera_pins.h' -> 'C:\Dati\Cloud\Dropbox\ArduinoLibs\AsyncTelegram2\examples\ESP32\ESP32-CAM-adv\camera_pins.h'
2021/06/03 08:21:56               as URI: 'file:///c%3A/Dati/Cloud/Dropbox/ArduinoLibs/AsyncTelegram2/examples/ESP32/ESP32-CAM-adv/camera_pins.h'
2021/06/03 08:21:56 CLG <-- textDocument/publishDiagnostics notif3 to IDE: publishDiagnostics(file:///c%3A/Dati/Cloud/Dropbox/ArduinoLibs/AsyncTelegram2/examples/ESP32/ESP32-CAM-adv/camera_pins.h):
2021/06/03 08:21:56 CLG <-- textDocument/publishDiagnostics notif3 > 0:0 - 1: drv_unknown_argument
2021/06/03 08:21:56 CLG <-- textDocument/publishDiagnostics notif3 > 0:0 - 1: drv_unknown_argument_with_suggestion
2021/06/03 08:21:56 CLG <-- textDocument/publishDiagnostics notif3 > 0:0 - 1: drv_unknown_argument
2021/06/03 08:21:56 CLG <-- textDocument/publishDiagnostics notif3 > 224:7 - 1: unknown_typename
2021/06/03 08:21:56 CLG <-- textDocument/publishDiagnostics notif3 > 242:16 - 1: undeclared_var_use
2021/06/03 08:21:56 CLG <-- textDocument/publishDiagnostics notif3 > 243:18 - 1: undeclared_var_use
2021/06/03 08:21:56 CLG <-- textDocument/publishDiagnostics notif3 > 244:18 - 1: undeclared_var_use
2021/06/03 08:21:56 CLG <-- textDocument/publishDiagnostics notif3 > 245:16 - 1: undeclared_var_use
2021/06/03 08:21:56 CLG <-- textDocument/publishDiagnostics notif3 > 254:19 - 1: undeclared_var_use
2021/06/03 08:21:56 CLG <-- textDocument/publishDiagnostics notif3 > 257:7 - 1: unknown_typename
2021/06/03 08:21:56 CLG <-- textDocument/publishDiagnostics notif3 > 259:2 - 1: undeclared_var_use
2021/06/03 08:21:56 CLG <-- textDocument/publishDiagnostics notif3 > 260:2 - 1: unknown_typename
2021/06/03 08:21:56 CLG <-- textDocument/publishDiagnostics notif3 > 262:13 - 1: undeclared_var_use
2021/06/03 08:21:56 CLG <-- textDocument/publishDiagnostics notif3 > 263:4 - 1: undeclared_var_use
2021/06/03 08:21:56 CLG <-- textDocument/publishDiagnostics notif3 > 264:4 - 1: undeclared_var_use
2021/06/03 08:21:56 CLG <-- textDocument/publishDiagnostics notif3 > 265:4 - 1: undeclared_var_use
2021/06/03 08:21:56 CLG <-- textDocument/publishDiagnostics notif3 > 268:4 - 1: undeclared_var_use
2021/06/03 08:21:56 CLG <-- textDocument/publishDiagnostics notif3 > 271:4 - 1: unknown_typename
2021/06/03 08:21:56 CLG <-- textDocument/publishDiagnostics notif3 > 271:18 - 1: undeclared_var_use
2021/06/03 08:21:56 CLG <-- textDocument/publishDiagnostics notif3 > 275:23 - 1: undeclared_var_use
2021/06/03 08:21:56 CLG <-- textDocument/publishDiagnostics notif3 > 276:23 - 1: undeclared_var_use
2021/06/03 08:21:56 CLG <-- textDocument/publishDiagnostics notif3 > 277:23 - 1: undeclared_var_use
2021/06/03 08:21:56 CLG <-- textDocument/publishDiagnostics notif3 > 0:0 - 1: fatal_too_many_errors
2021/06/03 08:21:56 [91mIDE <-- LS     CL: NOTIFICATION textDocument/publishDiagnostics: [0m
2021/06/03 08:21:56 CLG <-- textDocument/publishDiagnostics notif3 [93m read-unlocked[0m
2021/06/03 08:21:56 [92mIDE     LS <-- CL: NOTIFICATION $/progress: TOKEN=backgroundIndexProgress REPORT 0/354 0%[0m
2021/06/03 08:21:56 [92mIDE     LS <-- CL: NOTIFICATION $/progress: TOKEN=backgroundIndexProgress REPORT 0/354 0%[0m
2021/06/03 08:21:56 [92mIDE     LS <-- CL: NOTIFICATION $/progress: TOKEN=backgroundIndexProgress REPORT 0/354 0%[0m
2021/06/03 08:21:56 [92mIDE     LS <-- CL: NOTIFICATION $/progress: TOKEN=backgroundIndexProgress REPORT 0/354 0%[0m
2021/06/03 08:21:56 [92mIDE     LS <-- CL: NOTIFICATION $/progress: TOKEN=backgroundIndexProgress REPORT 1/354 0.2824858757062147%[0m
2021/06/03 08:21:56 [92mIDE     LS <-- CL: NOTIFICATION $/progress: TOKEN=backgroundIndexProgress REPORT 1/354 0.2824858757062147%[0m
2021/06/03 08:21:57 [92mIDE     LS <-- CL: NOTIFICATION $/progress: TOKEN=backgroundIndexProgress REPORT 2/354 0.5649717514124294%[0m
2021/06/03 08:21:57 [92mIDE     LS <-- CL: NOTIFICATION $/progress: TOKEN=backgroundIndexProgress REPORT 2/354 0.5649717514124294%[0m
2021/06/03 08:21:57 [92mIDE     LS <-- CL: NOTIFICATION $/progress: TOKEN=backgroundIndexProgress REPORT 3/354 0.847457627118644%[0m
2021/06/03 08:21:57 [92mIDE     LS <-- CL: NOTIFICATION $/progress: TOKEN=backgroundIndexProgress REPORT 3/354 0.847457627118644%[0m
2021/06/03 08:21:57 [92mIDE     LS <-- CL: NOTIFICATION $/progress: TOKEN=backgroundIndexProgress REPORT 4/354 1.1299435028248588%[0m
2021/06/03 08:21:57 [92mIDE     LS <-- CL: NOTIFICATION $/progress: TOKEN=backgroundIndexProgress REPORT 4/354 1.1299435028248588%[0m
2021/06/03 08:21:58 [92mIDE     LS <-- CL: NOTIFICATION $/progress: TOKEN=backgroundIndexProgress REPORT 5/354 1.4124293785310735%[0m
2021/06/03 08:21:58 [92mIDE     LS <-- CL: NOTIFICATION $/progress: TOKEN=backgroundIndexProgress REPORT 5/354 1.4124293785310735%[0m
2021/06/03 08:21:58 [92mIDE     LS <-- CL: NOTIFICATION $/progress: TOKEN=backgroundIndexProgress REPORT 6/354 1.694915254237288%[0m
2021/06/03 08:21:58 [92mIDE     LS <-- CL: NOTIFICATION $/progress: TOKEN=backgroundIndexProgress REPORT 6/354 1.694915254237288%[0m
2021/06/03 08:21:58 [92mIDE     LS <-- CL: NOTIFICATION $/progress: TOKEN=backgroundIndexProgress REPORT 7/354 1.9774011299435028%[0m
2021/06/03 08:21:58 [92mIDE     LS <-- CL: NOTIFICATION $/progress: TOKEN=backgroundIndexProgress REPORT 7/354 1.9774011299435028%[0m
2021/06/03 08:21:58 [92mIDE     LS <-- CL: NOTIFICATION $/progress: TOKEN=backgroundIndexProgress REPORT 8/354 2.2598870056497176%[0m
2021/06/03 08:21:58 [92mIDE     LS <-- CL: NOTIFICATION $/progress: TOKEN=backgroundIndexProgress REPORT 8/354 2.2598870056497176%[0m
2021/06/03 08:21:58 [92mIDE     LS <-- CL: NOTIFICATION $/progress: TOKEN=backgroundIndexProgress REPORT 9/354 2.542372881355932%[0m
2021/06/03 08:21:58 [92mIDE     LS <-- CL: NOTIFICATION $/progress: TOKEN=backgroundIndexProgress REPORT 9/354 2.542372881355932%[0m
2021/06/03 08:21:58 [92mIDE     LS <-- CL: NOTIFICATION $/progress: TOKEN=backgroundIndexProgress REPORT 10/354 2.824858757062147%[0m
2021/06/03 08:21:58 [92mIDE     LS <-- CL: NOTIFICATION $/progress: TOKEN=backgroundIndexProgress REPORT 10/354 2.824858757062147%[0m
2021/06/03 08:21:58 [92mIDE     LS <-- CL: NOTIFICATION textDocument/publishDiagnostics: [0m
2021/06/03 08:21:58 CLG <-- textDocument/publishDiagnostics notif28 (queued)
2021/06/03 08:21:58 CLG <-- textDocument/publishDiagnostics notif28 [93m read-locked[0m
2021/06/03 08:21:58 CLG <-- textDocument/publishDiagnostics notif28 (running)
2021/06/03 08:21:58 CLG <-- textDocument/publishDiagnostics notif28 publishDiagnostics(file:///C:/Users/BAN_TAG/AppData/Local/Temp/arduino-language-server750121679/sketch/ESP32-CAM-adv.ino.cpp):
2021/06/03 08:21:58 CLG <-- textDocument/publishDiagnostics notif28 > 0:0 - 1: drv_unknown_argument
2021/06/03 08:21:58 CLG <-- textDocument/publishDiagnostics notif28 > 0:0 - 1: drv_unknown_argument_with_suggestion
2021/06/03 08:21:58 CLG <-- textDocument/publishDiagnostics notif28 > 0:0 - 1: drv_unknown_argument
2021/06/03 08:21:58 CLG <-- textDocument/publishDiagnostics notif28 > 0:9 - 1: unknown_typename
2021/06/03 08:21:58 CLG <-- textDocument/publishDiagnostics notif28 > 0:0 - 1: fatal_too_many_errors
2021/06/03 08:21:58 CLG <-- textDocument/publishDiagnostics notif28 > 18:10 - 1: ovl_no_viable_function_in_init
2021/06/03 08:21:58 CLG <-- textDocument/publishDiagnostics notif28 > 41:15 - 1: ovl_no_viable_function_in_init
2021/06/03 08:21:58 CLG <-- textDocument/publishDiagnostics notif28 > 66:15 - 1: ovl_no_viable_function_in_call
2021/06/03 08:21:58 CLG <-- textDocument/publishDiagnostics notif28 > 67:21 - 1: ovl_no_viable_function_in_call
2021/06/03 08:21:58 CLG <-- textDocument/publishDiagnostics notif28 > 79:14 - 1: ovl_no_viable_member_function_in_call
2021/06/03 08:21:58 CLG <-- textDocument/publishDiagnostics notif28 > 105:28 - 1: ovl_no_viable_function_in_call
2021/06/03 08:21:58 CLG <-- textDocument/publishDiagnostics notif28 > 105:21 - 1: ovl_no_viable_function_in_call
2021/06/03 08:21:58 CLG <-- textDocument/publishDiagnostics notif28 > 120:2 - 1: ovl_no_viable_function_in_call
2021/06/03 08:21:58 CLG <-- textDocument/publishDiagnostics notif28 > 123:14 - 1: ovl_no_viable_member_function_in_call
2021/06/03 08:21:58 CLG <-- textDocument/publishDiagnostics notif28 > 137:4 - 1: ovl_no_viable_member_function_in_call
2021/06/03 08:21:58 CLG <-- textDocument/publishDiagnostics notif28 > 146:9 - 1: ovl_no_viable_member_function_in_call
2021/06/03 08:21:58 CLG <-- textDocument/publishDiagnostics notif28 > 147:40 - 1: init_conversion_failed
2021/06/03 08:21:58 CLG <-- textDocument/publishDiagnostics notif28 > 151:2 - 1: ovl_no_viable_member_function_in_call
2021/06/03 08:21:58 CLG <-- textDocument/publishDiagnostics notif28 > 192:2 - 1: ovl_no_viable_function_in_call
2021/06/03 08:21:58 CLG <-- textDocument/publishDiagnostics notif28 > 248:2 - 1: ovl_no_viable_function_in_call
2021/06/03 08:21:58 [92mIDE     LS <-- CL: ANSWER textDocument/hover 3 (3): [0m
2021/06/03 08:21:58 IDE --> textDocument/hover 2 [93m read-unlocked[0m
2021/06/03 08:21:58 [91mIDE <-- LS     CL: ANSWER UNBOUND (2): [0m
2021/06/03 08:21:58 [92mIDE --> LS     CL: NOTIFICATION $/cancelRequest: [0m
2021/06/03 08:21:58 IDE --> $/cancelRequest notif4 [93m read-locked[0m
2021/06/03 08:21:58 IDE --> $/cancelRequest notif4 sent to Clang
2021/06/03 08:21:58 [91mIDE     LS --> CL: NOTIFICATION $/cancelRequest: [0m
2021/06/03 08:21:58 IDE --> $/cancelRequest notif4 [93m read-unlocked[0m
2021/06/03 08:21:58 [92mIDE --> LS     CL: REQUEST textDocument/hover 3: [0m
2021/06/03 08:21:58 IDE --> textDocument/hover 3 [93m read-locked[0m
2021/06/03 08:21:58 --> hover(file:///c%3A/Dati/Cloud/Dropbox/ArduinoLibs/AsyncTelegram2/examples/ESP32/ESP32-CAM-adv/ESP32-CAM-adv.ino:25:32)
2021/06/03 08:21:58     URI: converted 0:0-0:0 to /not-ino:0:0-0:0
2021/06/03 08:21:58     URI: converted 0:0-0:0 to /not-ino:0:0-0:0
2021/06/03 08:21:58     --> hover(file:///C:/Users/BAN_TAG/AppData/Local/Temp/arduino-language-server750121679/sketch/ESP32-CAM-adv.ino.cpp:27:32)
2021/06/03 08:21:58 IDE --> textDocument/hover 3 sent to Clang
2021/06/03 08:21:58 [91mIDE     LS --> CL: REQUEST textDocument/hover 4: [0m
2021/06/03 08:21:58     URI: converted 0:0-0:0 to /not-ino:0:0-0:0
2021/06/03 08:21:58     URI: converted 0:9-0:10 to /not-ino:0:9-0:10
2021/06/03 08:21:58 [92mIDE     LS <-- CL: ANSWER textDocument/hover 4 (4): [0m
2021/06/03 08:21:58     URI: converted 0:0-0:0 to /not-ino:0:0-0:0
2021/06/03 08:21:58     URI: converted 18:10-18:16 to C:\Dati\Cloud\Dropbox\ArduinoLibs\AsyncTelegram2\examples\ESP32\ESP32-CAM-adv\ESP32-CAM-adv.ino:16:10-16:16
2021/06/03 08:21:58 IDE --> textDocument/hover 3 [93m read-unlocked[0m
2021/06/03 08:21:58 [91mIDE <-- LS     CL: ANSWER UNBOUND (3): [0m
2021/06/03 08:21:58 [92mIDE --> LS     CL: NOTIFICATION $/cancelRequest: [0m
2021/06/03 08:21:58 IDE --> $/cancelRequest notif5 [93m read-locked[0m
2021/06/03 08:21:58 IDE --> $/cancelRequest notif5 sent to Clang
2021/06/03 08:21:58 [91mIDE     LS --> CL: NOTIFICATION $/cancelRequest: [0m
2021/06/03 08:21:58 IDE --> $/cancelRequest notif5 [93m read-unlocked[0m
2021/06/03 08:21:58 [92mIDE --> LS     CL: ANSWER window/workDoneProgress/create 0 (0): [0m
2021/06/03 08:21:58 [92mIDE --> LS     CL: REQUEST textDocument/codeAction 4: [0m
2021/06/03 08:21:58 IDE --> textDocument/codeAction 4 [93m read-locked[0m
2021/06/03 08:21:58 --> codeAction(file:///c%3A/Dati/Cloud/Dropbox/ArduinoLibs/AsyncTelegram2/examples/ESP32/ESP32-CAM-adv/camera_pins.h:248:2)
2021/06/03 08:21:58     URI: 'C:\Dati\Cloud\Dropbox\ArduinoLibs\AsyncTelegram2\examples\ESP32\ESP32-CAM-adv\camera_pins.h' -> 'C:\Users\BAN_TAG\AppData\Local\Temp\arduino-language-server750121679\sketch\camera_pins.h'
2021/06/03 08:21:58 [91mIDE <-- LS     CL: NOTIFICATION $/progress: TOKEN=backgroundIndexProgress BEGIN indexing [0m
2021/06/03 08:21:58 [91mIDE <-- LS     CL: NOTIFICATION $/progress: TOKEN=backgroundIndexProgress REPORT 10/354 2.824858757062147%[0m
2021/06/03 08:21:58     --> codeAction(file:///C:/Users/BAN_TAG/AppData/Local/Temp/arduino-language-server750121679/sketch/camera_pins.h:248:2)
2021/06/03 08:21:58 IDE --> textDocument/codeAction 4 sent to Clang
2021/06/03 08:21:58 [91mIDE     LS --> CL: REQUEST textDocument/codeAction 5: [0m
2021/06/03 08:21:58 [92mIDE     LS <-- CL: ANSWER textDocument/codeAction 5 (5): [0m
2021/06/03 08:21:58     URI: converted 41:15-41:20 to C:\Dati\Cloud\Dropbox\ArduinoLibs\AsyncTelegram2\examples\ESP32\ESP32-CAM-adv\ESP32-CAM-adv.ino:39:15-39:20
2021/06/03 08:21:58     URI: converted 66:15-66:19 to C:\Dati\Cloud\Dropbox\ArduinoLibs\AsyncTelegram2\examples\ESP32\ESP32-CAM-adv\ESP32-CAM-adv.ino:49:15-49:19
2021/06/03 08:21:58     <-- codeAction(0 elements)
2021/06/03 08:21:58 <-- codeAction(0 elements)
2021/06/03 08:21:58 IDE --> textDocument/codeAction 4 [93m read-unlocked[0m
2021/06/03 08:21:58 [91mIDE <-- LS     CL: ANSWER UNBOUND (4): [0m
2021/06/03 08:21:58     URI: converted 67:21-67:30 to C:\Dati\Cloud\Dropbox\ArduinoLibs\AsyncTelegram2\examples\ESP32\ESP32-CAM-adv\ESP32-CAM-adv.ino:50:21-50:30
2021/06/03 08:21:58     URI: converted 79:14-79:29 to C:\Dati\Cloud\Dropbox\ArduinoLibs\AsyncTelegram2\examples\ESP32\ESP32-CAM-adv\ESP32-CAM-adv.ino:62:14-62:29
2021/06/03 08:21:58     URI: converted 105:28-105:31 to C:\Dati\Cloud\Dropbox\ArduinoLibs\AsyncTelegram2\examples\ESP32\ESP32-CAM-adv\ESP32-CAM-adv.ino:88:28-88:31
2021/06/03 08:21:58     URI: converted 105:21-105:26 to C:\Dati\Cloud\Dropbox\ArduinoLibs\AsyncTelegram2\examples\ESP32\ESP32-CAM-adv\ESP32-CAM-adv.ino:88:21-88:26
2021/06/03 08:21:58     URI: converted 120:2-120:10 to C:\Dati\Cloud\Dropbox\ArduinoLibs\AsyncTelegram2\examples\ESP32\ESP32-CAM-adv\ESP32-CAM-adv.ino:103:2-103:10
2021/06/03 08:21:58     URI: converted 123:14-123:29 to C:\Dati\Cloud\Dropbox\ArduinoLibs\AsyncTelegram2\examples\ESP32\ESP32-CAM-adv\ESP32-CAM-adv.ino:106:14-106:29
2021/06/03 08:21:58     URI: converted 137:4-137:21 to C:\Dati\Cloud\Dropbox\ArduinoLibs\AsyncTelegram2\examples\ESP32\ESP32-CAM-adv\ESP32-CAM-adv.ino:120:4-120:21
2021/06/03 08:21:58     URI: converted 146:9-146:24 to C:\Dati\Cloud\Dropbox\ArduinoLibs\AsyncTelegram2\examples\ESP32\ESP32-CAM-adv\ESP32-CAM-adv.ino:129:9-129:24
2021/06/03 08:21:58     URI: converted 147:40-147:45 to C:\Dati\Cloud\Dropbox\ArduinoLibs\AsyncTelegram2\examples\ESP32\ESP32-CAM-adv\ESP32-CAM-adv.ino:130:40-130:45
2021/06/03 08:21:58     URI: converted 151:2-151:19 to C:\Dati\Cloud\Dropbox\ArduinoLibs\AsyncTelegram2\examples\ESP32\ESP32-CAM-adv\ESP32-CAM-adv.ino:134:2-134:19
2021/06/03 08:21:58     URI: converted 192:2-192:16 to C:\Dati\Cloud\Dropbox\ArduinoLibs\AsyncTelegram2\examples\ESP32\ESP32-CAM-adv\ESP32-CAM-adv.ino:175:2-175:16
2021/06/03 08:21:58     URI: converted 248:2-248:10 to C:\Dati\Cloud\Dropbox\ArduinoLibs\AsyncTelegram2\examples\ESP32\ESP32-CAM-adv\ESP32-CAM-adv.ino:231:2-231:10
2021/06/03 08:21:58 CLG <-- textDocument/publishDiagnostics notif28 to IDE: publishDiagnostics(file:///c%3A/Dati/Cloud/Dropbox/ArduinoLibs/AsyncTelegram2/examples/ESP32/ESP32-CAM-adv/ESP32-CAM-adv.ino):
2021/06/03 08:21:58 CLG <-- textDocument/publishDiagnostics notif28 > 16:10 - 1: ovl_no_viable_function_in_init
2021/06/03 08:21:58 CLG <-- textDocument/publishDiagnostics notif28 > 39:15 - 1: ovl_no_viable_function_in_init
2021/06/03 08:21:58 CLG <-- textDocument/publishDiagnostics notif28 > 49:15 - 1: ovl_no_viable_function_in_call
2021/06/03 08:21:58 CLG <-- textDocument/publishDiagnostics notif28 > 50:21 - 1: ovl_no_viable_function_in_call
2021/06/03 08:21:58 CLG <-- textDocument/publishDiagnostics notif28 > 62:14 - 1: ovl_no_viable_member_function_in_call
2021/06/03 08:21:58 CLG <-- textDocument/publishDiagnostics notif28 > 88:28 - 1: ovl_no_viable_function_in_call
2021/06/03 08:21:58 CLG <-- textDocument/publishDiagnostics notif28 > 88:21 - 1: ovl_no_viable_function_in_call
2021/06/03 08:21:58 CLG <-- textDocument/publishDiagnostics notif28 > 103:2 - 1: ovl_no_viable_function_in_call
2021/06/03 08:21:58 CLG <-- textDocument/publishDiagnostics notif28 > 106:14 - 1: ovl_no_viable_member_function_in_call
2021/06/03 08:21:58 CLG <-- textDocument/publishDiagnostics notif28 > 120:4 - 1: ovl_no_viable_member_function_in_call
2021/06/03 08:21:58 CLG <-- textDocument/publishDiagnostics notif28 > 129:9 - 1: ovl_no_viable_member_function_in_call
2021/06/03 08:21:58 CLG <-- textDocument/publishDiagnostics notif28 > 130:40 - 1: init_conversion_failed
2021/06/03 08:21:58 CLG <-- textDocument/publishDiagnostics notif28 > 134:2 - 1: ovl_no_viable_member_function_in_call
2021/06/03 08:21:58 CLG <-- textDocument/publishDiagnostics notif28 > 175:2 - 1: ovl_no_viable_function_in_call
2021/06/03 08:21:58 CLG <-- textDocument/publishDiagnostics notif28 > 231:2 - 1: ovl_no_viable_function_in_call
2021/06/03 08:21:58 [91mIDE <-- LS     CL: NOTIFICATION textDocument/publishDiagnostics: [0m
2021/06/03 08:21:58 CLG <-- textDocument/publishDiagnostics notif28 [93m read-unlocked[0m
2021/06/03 08:21:58 [92mIDE     LS <-- CL: NOTIFICATION $/progress: TOKEN=backgroundIndexProgress REPORT 11/354 3.1073446327683616%[0m
2021/06/03 08:21:58 [92mIDE     LS <-- CL: NOTIFICATION $/progress: TOKEN=backgroundIndexProgress REPORT 11/354 3.1073446327683616%[0m
2021/06/03 08:21:58 [91mIDE <-- LS     CL: NOTIFICATION $/progress: TOKEN=backgroundIndexProgress REPORT 11/354 3.1073446327683616%[0m
2021/06/03 08:21:58 [92mIDE     LS <-- CL: NOTIFICATION $/progress: TOKEN=backgroundIndexProgress REPORT 12/354 3.389830508474576%[0m
2021/06/03 08:21:58 [92mIDE     LS <-- CL: NOTIFICATION $/progress: TOKEN=backgroundIndexProgress REPORT 12/354 3.389830508474576%[0m
2021/06/03 08:21:58 [91mIDE <-- LS     CL: NOTIFICATION $/progress: TOKEN=backgroundIndexProgress REPORT 12/354 3.389830508474576%[0m
2021/06/03 08:21:58 [91mIDE <-- LS     CL: NOTIFICATION $/progress: TOKEN=backgroundIndexProgress REPORT 12/354 3.389830508474576%[0m
2021/06/03 08:21:58 [92mIDE     LS <-- CL: NOTIFICATION $/progress: TOKEN=backgroundIndexProgress REPORT 13/354 3.672316384180791%[0m
2021/06/03 08:21:58 [92mIDE     LS <-- CL: NOTIFICATION $/progress: TOKEN=backgroundIndexProgress REPORT 13/354 3.672316384180791%[0m
2021/06/03 08:21:58 [91mIDE <-- LS     CL: NOTIFICATION $/progress: TOKEN=backgroundIndexProgress REPORT 13/354 3.672316384180791%[0m
2021/06/03 08:21:58 [91mIDE <-- LS     CL: NOTIFICATION $/progress: TOKEN=backgroundIndexProgress REPORT 13/354 3.672316384180791%[0m
2021/06/03 08:21:58 [92mIDE     LS <-- CL: NOTIFICATION $/progress: TOKEN=backgroundIndexProgress REPORT 14/354 3.9548022598870056%[0m
2021/06/03 08:21:58 [91mIDE <-- LS     CL: NOTIFICATION $/progress: TOKEN=backgroundIndexProgress REPORT 14/354 3.9548022598870056%[0m
2021/06/03 08:21:58 [92mIDE     LS <-- CL: NOTIFICATION $/progress: TOKEN=backgroundIndexProgress REPORT 14/354 3.9548022598870056%[0m
2021/06/03 08:21:58 [91mIDE <-- LS     CL: NOTIFICATION $/progress: TOKEN=backgroundIndexProgress REPORT 14/354 3.9548022598870056%[0m
2021/06/03 08:21:58 [92mIDE     LS <-- CL: NOTIFICATION $/progress: TOKEN=backgroundIndexProgress REPORT 15/354 4.237288135593221%[0m
2021/06/03 08:21:58 [92mIDE     LS <-- CL: NOTIFICATION $/progress: TOKEN=backgroundIndexProgress REPORT 15/354 4.237288135593221%[0m
2021/06/03 08:21:58 [91mIDE <-- LS     CL: NOTIFICATION $/progress: TOKEN=backgroundIndexProgress REPORT 15/354 4.237288135593221%[0m
2021/06/03 08:21:58 [91mIDE <-- LS     CL: NOTIFICATION $/progress: TOKEN=backgroundIndexProgress REPORT 15/354 4.237288135593221%[0m
2021/06/03 08:21:59 [92mIDE     LS <-- CL: NOTIFICATION $/progress: TOKEN=backgroundIndexProgress REPORT 16/354 4.519774011299435%[0m
2021/06/03 08:21:59 [92mIDE     LS <-- CL: NOTIFICATION $/progress: TOKEN=backgroundIndexProgress REPORT 16/354 4.519774011299435%[0m
2021/06/03 08:21:59 [91mIDE <-- LS     CL: NOTIFICATION $/progress: TOKEN=backgroundIndexProgress REPORT 16/354 4.519774011299435%[0m
2021/06/03 08:21:59 [91mIDE <-- LS     CL: NOTIFICATION $/progress: TOKEN=backgroundIndexProgress REPORT 16/354 4.519774011299435%[0m
2021/06/03 08:21:59 [92mIDE     LS <-- CL: NOTIFICATION $/progress: TOKEN=backgroundIndexProgress REPORT 17/354 4.80225988700565%[0m
2021/06/03 08:21:59 [92mIDE     LS <-- CL: NOTIFICATION $/progress: TOKEN=backgroundIndexProgress REPORT 17/354 4.80225988700565%[0m
2021/06/03 08:21:59 [91mIDE <-- LS     CL: NOTIFICATION $/progress: TOKEN=backgroundIndexProgress REPORT 17/354 4.80225988700565%[0m
2021/06/03 08:21:59 [91mIDE <-- LS     CL: NOTIFICATION $/progress: TOKEN=backgroundIndexProgress REPORT 17/354 4.80225988700565%[0m
2021/06/03 08:21:59 [92mIDE     LS <-- CL: NOTIFICATION $/progress: TOKEN=backgroundIndexProgress REPORT 18/354 5.084745762711864%[0m
2021/06/03 08:21:59 [92mIDE     LS <-- CL: NOTIFICATION $/progress: TOKEN=backgroundIndexProgress REPORT 18/354 5.084745762711864%[0m
2021/06/03 08:21:59 [91mIDE <-- LS     CL: NOTIFICATION $/progress: TOKEN=backgroundIndexProgress REPORT 18/354 5.084745762711864%[0m
2021/06/03 08:21:59 [91mIDE <-- LS     CL: NOTIFICATION $/progress: TOKEN=backgroundIndexProgress REPORT 18/354 5.084745762711864%[0m
2021/06/03 08:22:00 [92mIDE     LS <-- CL: NOTIFICATION $/progress: TOKEN=backgroundIndexProgress REPORT 19/354 5.367231638418079%[0m
2021/06/03 08:22:00 [92mIDE     LS <-- CL: NOTIFICATION $/progress: TOKEN=backgroundIndexProgress REPORT 19/354 5.367231638418079%[0m
2021/06/03 08:22:00 [91mIDE <-- LS     CL: NOTIFICATION $/progress: TOKEN=backgroundIndexProgress REPORT 19/354 5.367231638418079%[0m
2021/06/03 08:22:00 [91mIDE <-- LS     CL: NOTIFICATION $/progress: TOKEN=backgroundIndexProgress REPORT 19/354 5.367231638418079%[0m
2021/06/03 08:22:00 [92mIDE     LS <-- CL: NOTIFICATION $/progress: TOKEN=backgroundIndexProgress REPORT 20/354 5.649717514124294%[0m
2021/06/03 08:22:00 [92mIDE     LS <-- CL: NOTIFICATION $/progress: TOKEN=backgroundIndexProgress REPORT 20/354 5.649717514124294%[0m
2021/06/03 08:22:00 [91mIDE <-- LS     CL: NOTIFICATION $/progress: TOKEN=backgroundIndexProgress REPORT 20/354 5.649717514124294%[0m
2021/06/03 08:22:00 [91mIDE <-- LS     CL: NOTIFICATION $/progress: TOKEN=backgroundIndexProgress REPORT 20/354 5.649717514124294%[0m
2021/06/03 08:22:00 [92mIDE     LS <-- CL: NOTIFICATION $/progress: TOKEN=backgroundIndexProgress REPORT 21/354 5.932203389830509%[0m
2021/06/03 08:22:00 [92mIDE     LS <-- CL: NOTIFICATION $/progress: TOKEN=backgroundIndexProgress REPORT 21/354 5.932203389830509%[0m
2021/06/03 08:22:00 [91mIDE <-- LS     CL: NOTIFICATION $/progress: TOKEN=backgroundIndexProgress REPORT 21/354 5.932203389830509%[0m
2021/06/03 08:22:00 [91mIDE <-- LS     CL: NOTIFICATION $/progress: TOKEN=backgroundIndexProgress REPORT 21/354 5.932203389830509%[0m
2021/06/03 08:22:00 [92mIDE     LS <-- CL: NOTIFICATION $/progress: TOKEN=backgroundIndexProgress REPORT 22/354 6.214689265536723%[0m
2021/06/03 08:22:00 [92mIDE     LS <-- CL: NOTIFICATION $/progress: TOKEN=backgroundIndexProgress REPORT 22/354 6.214689265536723%[0m
2021/06/03 08:22:00 [91mIDE <-- LS     CL: NOTIFICATION $/progress: TOKEN=backgroundIndexProgress REPORT 22/354 6.214689265536723%[0m
2021/06/03 08:22:00 [91mIDE <-- LS     CL: NOTIFICATION $/progress: TOKEN=backgroundIndexProgress REPORT 22/354 6.214689265536723%[0m
2021/06/03 08:22:00 [92mIDE     LS <-- CL: NOTIFICATION $/progress: TOKEN=backgroundIndexProgress REPORT 23/354 6.497175141242938%[0m
2021/06/03 08:22:00 [92mIDE     LS <-- CL: NOTIFICATION $/progress: TOKEN=backgroundIndexProgress REPORT 23/354 6.497175141242938%[0m
2021/06/03 08:22:00 [91mIDE <-- LS     CL: NOTIFICATION $/progress: TOKEN=backgroundIndexProgress REPORT 23/354 6.497175141242938%[0m
2021/06/03 08:22:00 [91mIDE <-- LS     CL: NOTIFICATION $/progress: TOKEN=backgroundIndexProgress REPORT 23/354 6.497175141242938%[0m
2021/06/03 08:22:00 [92mIDE     LS <-- CL: NOTIFICATION $/progress: TOKEN=backgroundIndexProgress REPORT 24/354 6.779661016949152%[0m
2021/06/03 08:22:00 [92mIDE     LS <-- CL: NOTIFICATION $/progress: TOKEN=backgroundIndexProgress REPORT 24/354 6.779661016949152%[0m
2021/06/03 08:22:00 [91mIDE <-- LS     CL: NOTIFICATION $/progress: TOKEN=backgroundIndexProgress REPORT 24/354 6.779661016949152%[0m
2021/06/03 08:22:00 [91mIDE <-- LS     CL: NOTIFICATION $/progress: TOKEN=backgroundIndexProgress REPORT 24/354 6.779661016949152%[0m
2021/06/03 08:22:00 [92mIDE     LS <-- CL: NOTIFICATION $/progress: TOKEN=backgroundIndexProgress REPORT 25/354 7.062146892655368%[0m
2021/06/03 08:22:00 [92mIDE     LS <-- CL: NOTIFICATION $/progress: TOKEN=backgroundIndexProgress REPORT 25/354 7.062146892655368%[0m
2021/06/03 08:22:00 [91mIDE <-- LS     CL: NOTIFICATION $/progress: TOKEN=backgroundIndexProgress REPORT 25/354 7.062146892655368%[0m
2021/06/03 08:22:00 [91mIDE <-- LS     CL: NOTIFICATION $/progress: TOKEN=backgroundIndexProgress REPORT 25/354 7.062146892655368%[0m
2021/06/03 08:22:01 [92mIDE     LS <-- CL: NOTIFICATION $/progress: TOKEN=backgroundIndexProgress REPORT 26/354 7.344632768361582%[0m
2021/06/03 08:22:01 [91mIDE <-- LS     CL: NOTIFICATION $/progress: TOKEN=backgroundIndexProgress REPORT 26/354 7.344632768361582%[0m
2021/06/03 08:22:01 [92mIDE     LS <-- CL: NOTIFICATION $/progress: TOKEN=backgroundIndexProgress REPORT 26/354 7.344632768361582%[0m
2021/06/03 08:22:01 [91mIDE <-- LS     CL: NOTIFICATION $/progress: TOKEN=backgroundIndexProgress REPORT 26/354 7.344632768361582%[0m
2021/06/03 08:22:01 [92mIDE     LS <-- CL: NOTIFICATION $/progress: TOKEN=backgroundIndexProgress REPORT 27/354 7.627118644067797%[0m
2021/06/03 08:22:01 [92mIDE     LS <-- CL: NOTIFICATION $/progress: TOKEN=backgroundIndexProgress REPORT 27/354 7.627118644067797%[0m
2021/06/03 08:22:01 [91mIDE <-- LS     CL: NOTIFICATION $/progress: TOKEN=backgroundIndexProgress REPORT 27/354 7.627118644067797%[0m
2021/06/03 08:22:01 [91mIDE <-- LS     CL: NOTIFICATION $/progress: TOKEN=backgroundIndexProgress REPORT 27/354 7.627118644067797%[0m
2021/06/03 08:22:01 [92mIDE     LS <-- CL: NOTIFICATION $/progress: TOKEN=backgroundIndexProgress REPORT 28/354 7.909604519774011%[0m
2021/06/03 08:22:01 [92mIDE     LS <-- CL: NOTIFICATION $/progress: TOKEN=backgroundIndexProgress REPORT 28/354 7.909604519774011%[0m
2021/06/03 08:22:01 [91mIDE <-- LS     CL: NOTIFICATION $/progress: TOKEN=backgroundIndexProgress REPORT 28/354 7.909604519774011%[0m
2021/06/03 08:22:01 [91mIDE <-- LS     CL: NOTIFICATION $/progress: TOKEN=backgroundIndexProgress REPORT 28/354 7.909604519774011%[0m
2021/06/03 08:22:01 [92mIDE     LS <-- CL: NOTIFICATION $/progress: TOKEN=backgroundIndexProgress REPORT 29/354 8.192090395480227%[0m
2021/06/03 08:22:01 [92mIDE     LS <-- CL: NOTIFICATION $/progress: TOKEN=backgroundIndexProgress REPORT 29/354 8.192090395480227%[0m
2021/06/03 08:22:01 [91mIDE <-- LS     CL: NOTIFICATION $/progress: TOKEN=backgroundIndexProgress REPORT 29/354 8.192090395480227%[0m
2021/06/03 08:22:01 [92mIDE     LS <-- CL: NOTIFICATION $/progress: TOKEN=backgroundIndexProgress REPORT 30/354 8.474576271186441%[0m
2021/06/03 08:22:01 [91mIDE <-- LS     CL: NOTIFICATION $/progress: TOKEN=backgroundIndexProgress REPORT 30/354 8.474576271186441%[0m
2021/06/03 08:22:01 [92mIDE     LS <-- CL: NOTIFICATION $/progress: TOKEN=backgroundIndexProgress REPORT 30/354 8.474576271186441%[0m
2021/06/03 08:22:01 [91mIDE <-- LS     CL: NOTIFICATION $/progress: TOKEN=backgroundIndexProgress REPORT 30/354 8.474576271186441%[0m
2021/06/03 08:22:01 [92mIDE     LS <-- CL: NOTIFICATION $/progress: TOKEN=backgroundIndexProgress REPORT 31/354 8.757062146892656%[0m
2021/06/03 08:22:01 [92mIDE     LS <-- CL: NOTIFICATION $/progress: TOKEN=backgroundIndexProgress REPORT 31/354 8.757062146892656%[0m
2021/06/03 08:22:01 [91mIDE <-- LS     CL: NOTIFICATION $/progress: TOKEN=backgroundIndexProgress REPORT 31/354 8.757062146892656%[0m
2021/06/03 08:22:01 [92mIDE     LS <-- CL: NOTIFICATION $/progress: TOKEN=backgroundIndexProgress REPORT 32/354 9.03954802259887%[0m
2021/06/03 08:22:01 [91mIDE <-- LS     CL: NOTIFICATION $/progress: TOKEN=backgroundIndexProgress REPORT 32/354 9.03954802259887%[0m
2021/06/03 08:22:01 [92mIDE     LS <-- CL: NOTIFICATION $/progress: TOKEN=backgroundIndexProgress REPORT 32/354 9.03954802259887%[0m
2021/06/03 08:22:01 [91mIDE <-- LS     CL: NOTIFICATION $/progress: TOKEN=backgroundIndexProgress REPORT 32/354 9.03954802259887%[0m
2021/06/03 08:22:02 [92mIDE     LS <-- CL: NOTIFICATION $/progress: TOKEN=backgroundIndexProgress REPORT 33/354 9.322033898305085%[0m
2021/06/03 08:22:02 [92mIDE     LS <-- CL: NOTIFICATION $/progress: TOKEN=backgroundIndexProgress REPORT 33/354 9.322033898305085%[0m
2021/06/03 08:22:02 [91mIDE <-- LS     CL: NOTIFICATION $/progress: TOKEN=backgroundIndexProgress REPORT 33/354 9.322033898305085%[0m
2021/06/03 08:22:02 [92mIDE     LS <-- CL: NOTIFICATION $/progress: TOKEN=backgroundIndexProgress REPORT 34/354 9.6045197740113%[0m
2021/06/03 08:22:02 [92mIDE     LS <-- CL: NOTIFICATION $/progress: TOKEN=backgroundIndexProgress REPORT 34/354 9.6045197740113%[0m
2021/06/03 08:22:02 [91mIDE <-- LS     CL: NOTIFICATION $/progress: TOKEN=backgroundIndexProgress REPORT 34/354 9.6045197740113%[0m
2021/06/03 08:22:02 [91mIDE <-- LS     CL: NOTIFICATION $/progress: TOKEN=backgroundIndexProgress REPORT 34/354 9.6045197740113%[0m
2021/06/03 08:22:02 [92mIDE     LS <-- CL: NOTIFICATION $/progress: TOKEN=backgroundIndexProgress REPORT 35/354 9.887005649717514%[0m
2021/06/03 08:22:02 [92mIDE     LS <-- CL: NOTIFICATION $/progress: TOKEN=backgroundIndexProgress REPORT 35/354 9.887005649717514%[0m
2021/06/03 08:22:02 [91mIDE <-- LS     CL: NOTIFICATION $/progress: TOKEN=backgroundIndexProgress REPORT 35/354 9.887005649717514%[0m
2021/06/03 08:22:02 [92mIDE     LS <-- CL: NOTIFICATION $/progress: TOKEN=backgroundIndexProgress REPORT 36/354 10.169491525423728%[0m
2021/06/03 08:22:02 [92mIDE     LS <-- CL: NOTIFICATION $/progress: TOKEN=backgroundIndexProgress REPORT 36/354 10.169491525423728%[0m
2021/06/03 08:22:02 [91mIDE <-- LS     CL: NOTIFICATION $/progress: TOKEN=backgroundIndexProgress REPORT 36/354 10.169491525423728%[0m
2021/06/03 08:22:02 [92mIDE     LS <-- CL: NOTIFICATION $/progress: TOKEN=backgroundIndexProgress REPORT 37/354 10.451977401129943%[0m
2021/06/03 08:22:02 [91mIDE <-- LS     CL: NOTIFICATION $/progress: TOKEN=backgroundIndexProgress REPORT 37/354 10.451977401129943%[0m
2021/06/03 08:22:02 [92mIDE     LS <-- CL: NOTIFICATION $/progress: TOKEN=backgroundIndexProgress REPORT 37/354 10.451977401129943%[0m
2021/06/03 08:22:02 [91mIDE <-- LS     CL: NOTIFICATION $/progress: TOKEN=backgroundIndexProgress REPORT 37/354 10.451977401129943%[0m
2021/06/03 08:22:02 [92mIDE     LS <-- CL: NOTIFICATION $/progress: TOKEN=backgroundIndexProgress REPORT 38/354 10.734463276836157%[0m
2021/06/03 08:22:02 [91mIDE <-- LS     CL: NOTIFICATION $/progress: TOKEN=backgroundIndexProgress REPORT 38/354 10.734463276836157%[0m
2021/06/03 08:22:02 [92mIDE     LS <-- CL: NOTIFICATION $/progress: TOKEN=backgroundIndexProgress REPORT 38/354 10.734463276836157%[0m
2021/06/03 08:22:02 [92mIDE     LS <-- CL: NOTIFICATION $/progress: TOKEN=backgroundIndexProgress REPORT 39/354 11.016949152542374%[0m
2021/06/03 08:22:02 [92mIDE     LS <-- CL: NOTIFICATION $/progress: TOKEN=backgroundIndexProgress REPORT 39/354 11.016949152542374%[0m
2021/06/03 08:22:02 [91mIDE <-- LS     CL: NOTIFICATION $/progress: TOKEN=backgroundIndexProgress REPORT 39/354 11.016949152542374%[0m
2021/06/03 08:22:02 [92mIDE     LS <-- CL: NOTIFICATION $/progress: TOKEN=backgroundIndexProgress REPORT 40/354 11.299435028248588%[0m
2021/06/03 08:22:02 [91mIDE <-- LS     CL: NOTIFICATION $/progress: TOKEN=backgroundIndexProgress REPORT 40/354 11.299435028248588%[0m
2021/06/03 08:22:02 [92mIDE     LS <-- CL: NOTIFICATION $/progress: TOKEN=backgroundIndexProgress REPORT 40/354 11.299435028248588%[0m
2021/06/03 08:22:02 [91mIDE <-- LS     CL: NOTIFICATION $/progress: TOKEN=backgroundIndexProgress REPORT 40/354 11.299435028248588%[0m
2021/06/03 08:22:02 [92mIDE     LS <-- CL: NOTIFICATION $/progress: TOKEN=backgroundIndexProgress REPORT 41/354 11.581920903954803%[0m
2021/06/03 08:22:02 [92mIDE     LS <-- CL: NOTIFICATION $/progress: TOKEN=backgroundIndexProgress REPORT 41/354 11.581920903954803%[0m
2021/06/03 08:22:02 [91mIDE <-- LS     CL: NOTIFICATION $/progress: TOKEN=backgroundIndexProgress REPORT 41/354 11.581920903954803%[0m
2021/06/03 08:22:02 [91mIDE <-- LS     CL: NOTIFICATION $/progress: TOKEN=backgroundIndexProgress REPORT 41/354 11.581920903954803%[0m
2021/06/03 08:22:02 [92mIDE     LS <-- CL: NOTIFICATION $/progress: TOKEN=backgroundIndexProgress REPORT 42/354 11.864406779661017%[0m
2021/06/03 08:22:02 [92mIDE     LS <-- CL: NOTIFICATION $/progress: TOKEN=backgroundIndexProgress REPORT 42/354 11.864406779661017%[0m
2021/06/03 08:22:02 [91mIDE <-- LS     CL: NOTIFICATION $/progress: TOKEN=backgroundIndexProgress REPORT 42/354 11.864406779661017%[0m
2021/06/03 08:22:02 [91mIDE <-- LS     CL: NOTIFICATION $/progress: TOKEN=backgroundIndexProgress REPORT 42/354 11.864406779661017%[0m
2021/06/03 08:22:02 [92mIDE     LS <-- CL: NOTIFICATION $/progress: TOKEN=backgroundIndexProgress REPORT 43/354 12.146892655367232%[0m
2021/06/03 08:22:02 [91mIDE <-- LS     CL: NOTIFICATION $/progress: TOKEN=backgroundIndexProgress REPORT 43/354 12.146892655367232%[0m
2021/06/03 08:22:02 [92mIDE     LS <-- CL: NOTIFICATION $/progress: TOKEN=backgroundIndexProgress REPORT 43/354 12.146892655367232%[0m
2021/06/03 08:22:02 [91mIDE <-- LS     CL: NOTIFICATION $/progress: TOKEN=backgroundIndexProgress REPORT 43/354 12.146892655367232%[0m
2021/06/03 08:22:03 [92mIDE     LS <-- CL: NOTIFICATION $/progress: TOKEN=backgroundIndexProgress REPORT 44/354 12.429378531073446%[0m
2021/06/03 08:22:03 [92mIDE     LS <-- CL: NOTIFICATION $/progress: TOKEN=backgroundIndexProgress REPORT 44/354 12.429378531073446%[0m
2021/06/03 08:22:03 [91mIDE <-- LS     CL: NOTIFICATION $/progress: TOKEN=backgroundIndexProgress REPORT 44/354 12.429378531073446%[0m
2021/06/03 08:22:03 [91mIDE <-- LS     CL: NOTIFICATION $/progress: TOKEN=backgroundIndexProgress REPORT 44/354 12.429378531073446%[0m
2021/06/03 08:22:03 [92mIDE     LS <-- CL: NOTIFICATION $/progress: TOKEN=backgroundIndexProgress REPORT 45/354 12.711864406779661%[0m
2021/06/03 08:22:03 [92mIDE     LS <-- CL: NOTIFICATION $/progress: TOKEN=backgroundIndexProgress REPORT 45/354 12.711864406779661%[0m
2021/06/03 08:22:03 [91mIDE <-- LS     CL: NOTIFICATION $/progress: TOKEN=backgroundIndexProgress REPORT 45/354 12.711864406779661%[0m
2021/06/03 08:22:03 [91mIDE <-- LS     CL: NOTIFICATION $/progress: TOKEN=backgroundIndexProgress REPORT 45/354 12.711864406779661%[0m
2021/06/03 08:22:03 [92mIDE     LS <-- CL: NOTIFICATION $/progress: TOKEN=backgroundIndexProgress REPORT 46/354 12.994350282485875%[0m
2021/06/03 08:22:03 [92mIDE     LS <-- CL: NOTIFICATION $/progress: TOKEN=backgroundIndexProgress REPORT 46/354 12.994350282485875%[0m
2021/06/03 08:22:03 [91mIDE <-- LS     CL: NOTIFICATION $/progress: TOKEN=backgroundIndexProgress REPORT 46/354 12.994350282485875%[0m
2021/06/03 08:22:03 [91mIDE <-- LS     CL: NOTIFICATION $/progress: TOKEN=backgroundIndexProgress REPORT 46/354 12.994350282485875%[0m
2021/06/03 08:22:03 [92mIDE     LS <-- CL: NOTIFICATION $/progress: TOKEN=backgroundIndexProgress REPORT 47/354 13.27683615819209%[0m
2021/06/03 08:22:03 [92mIDE     LS <-- CL: NOTIFICATION $/progress: TOKEN=backgroundIndexProgress REPORT 47/354 13.27683615819209%[0m
2021/06/03 08:22:03 [91mIDE <-- LS     CL: NOTIFICATION $/progress: TOKEN=backgroundIndexProgress REPORT 47/354 13.27683615819209%[0m
2021/06/03 08:22:03 [91mIDE <-- LS     CL: NOTIFICATION $/progress: TOKEN=backgroundIndexProgress REPORT 47/354 13.27683615819209%[0m
2021/06/03 08:22:03 [92mIDE     LS <-- CL: NOTIFICATION $/progress: TOKEN=backgroundIndexProgress REPORT 48/354 13.559322033898304%[0m
2021/06/03 08:22:03 [92mIDE     LS <-- CL: NOTIFICATION $/progress: TOKEN=backgroundIndexProgress REPORT 48/354 13.559322033898304%[0m
2021/06/03 08:22:03 [91mIDE <-- LS     CL: NOTIFICATION $/progress: TOKEN=backgroundIndexProgress REPORT 48/354 13.559322033898304%[0m
2021/06/03 08:22:03 [91mIDE <-- LS     CL: NOTIFICATION $/progress: TOKEN=backgroundIndexProgress REPORT 48/354 13.559322033898304%[0m
2021/06/03 08:22:03 [92mIDE     LS <-- CL: NOTIFICATION $/progress: TOKEN=backgroundIndexProgress REPORT 49/354 13.841807909604519%[0m
2021/06/03 08:22:03 [91mIDE <-- LS     CL: NOTIFICATION $/progress: TOKEN=backgroundIndexProgress REPORT 49/354 13.841807909604519%[0m
2021/06/03 08:22:03 [92mIDE     LS <-- CL: NOTIFICATION $/progress: TOKEN=backgroundIndexProgress REPORT 49/354 13.841807909604519%[0m
2021/06/03 08:22:03 [91mIDE <-- LS     CL: NOTIFICATION $/progress: TOKEN=backgroundIndexProgress REPORT 49/354 13.841807909604519%[0m
2021/06/03 08:22:03 [92mIDE     LS <-- CL: NOTIFICATION $/progress: TOKEN=backgroundIndexProgress REPORT 50/354 14.124293785310735%[0m
2021/06/03 08:22:03 [91mIDE <-- LS     CL: NOTIFICATION $/progress: TOKEN=backgroundIndexProgress REPORT 50/354 14.124293785310735%[0m
2021/06/03 08:22:03 [92mIDE     LS <-- CL: NOTIFICATION $/progress: TOKEN=backgroundIndexProgress REPORT 50/354 14.124293785310735%[0m
2021/06/03 08:22:03 [91mIDE <-- LS     CL: NOTIFICATION $/progress: TOKEN=backgroundIndexProgress REPORT 50/354 14.124293785310735%[0m
2021/06/03 08:22:03 [92mIDE     LS <-- CL: NOTIFICATION $/progress: TOKEN=backgroundIndexProgress REPORT 51/354 14.40677966101695%[0m
2021/06/03 08:22:03 [92mIDE     LS <-- CL: NOTIFICATION $/progress: TOKEN=backgroundIndexProgress REPORT 51/354 14.40677966101695%[0m
2021/06/03 08:22:03 [91mIDE <-- LS     CL: NOTIFICATION $/progress: TOKEN=backgroundIndexProgress REPORT 51/354 14.40677966101695%[0m
2021/06/03 08:22:03 [91mIDE <-- LS     CL: NOTIFICATION $/progress: TOKEN=backgroundIndexProgress REPORT 51/354 14.40677966101695%[0m
2021/06/03 08:22:03 [92mIDE     LS <-- CL: NOTIFICATION $/progress: TOKEN=backgroundIndexProgress REPORT 52/354 14.689265536723164%[0m
2021/06/03 08:22:03 [91mIDE <-- LS     CL: NOTIFICATION $/progress: TOKEN=backgroundIndexProgress REPORT 52/354 14.689265536723164%[0m
2021/06/03 08:22:03 [92mIDE     LS <-- CL: NOTIFICATION $/progress: TOKEN=backgroundIndexProgress REPORT 52/354 14.689265536723164%[0m
2021/06/03 08:22:03 [91mIDE <-- LS     CL: NOTIFICATION $/progress: TOKEN=backgroundIndexProgress REPORT 52/354 14.689265536723164%[0m
2021/06/03 08:22:03 [92mIDE     LS <-- CL: NOTIFICATION $/progress: TOKEN=backgroundIndexProgress REPORT 53/354 14.971751412429379%[0m
2021/06/03 08:22:03 [92mIDE     LS <-- CL: NOTIFICATION $/progress: TOKEN=backgroundIndexProgress REPORT 53/354 14.971751412429379%[0m
2021/06/03 08:22:03 [91mIDE <-- LS     CL: NOTIFICATION $/progress: TOKEN=backgroundIndexProgress REPORT 53/354 14.971751412429379%[0m
2021/06/03 08:22:03 [91mIDE <-- LS     CL: NOTIFICATION $/progress: TOKEN=backgroundIndexProgress REPORT 53/354 14.971751412429379%[0m
2021/06/03 08:22:04 [92mIDE     LS <-- CL: NOTIFICATION $/progress: TOKEN=backgroundIndexProgress REPORT 54/354 15.254237288135593%[0m
2021/06/03 08:22:04 [91mIDE <-- LS     CL: NOTIFICATION $/progress: TOKEN=backgroundIndexProgress REPORT 54/354 15.254237288135593%[0m
2021/06/03 08:22:04 [92mIDE     LS <-- CL: NOTIFICATION $/progress: TOKEN=backgroundIndexProgress REPORT 54/354 15.254237288135593%[0m
2021/06/03 08:22:04 [91mIDE <-- LS     CL: NOTIFICATION $/progress: TOKEN=backgroundIndexProgress REPORT 54/354 15.254237288135593%[0m
2021/06/03 08:22:04 [92mIDE     LS <-- CL: NOTIFICATION $/progress: TOKEN=backgroundIndexProgress REPORT 55/354 15.536723163841808%[0m
2021/06/03 08:22:04 [92mIDE     LS <-- CL: NOTIFICATION $/progress: TOKEN=backgroundIndexProgress REPORT 55/354 15.536723163841808%[0m
2021/06/03 08:22:04 [91mIDE <-- LS     CL: NOTIFICATION $/progress: TOKEN=backgroundIndexProgress REPORT 55/354 15.536723163841808%[0m
2021/06/03 08:22:04 [91mIDE <-- LS     CL: NOTIFICATION $/progress: TOKEN=backgroundIndexProgress REPORT 55/354 15.536723163841808%[0m
2021/06/03 08:22:04 [92mIDE     LS <-- CL: NOTIFICATION $/progress: TOKEN=backgroundIndexProgress REPORT 56/354 15.819209039548022%[0m
2021/06/03 08:22:04 [92mIDE     LS <-- CL: NOTIFICATION $/progress: TOKEN=backgroundIndexProgress REPORT 56/354 15.819209039548022%[0m
2021/06/03 08:22:04 [91mIDE <-- LS     CL: NOTIFICATION $/progress: TOKEN=backgroundIndexProgress REPORT 56/354 15.819209039548022%[0m
2021/06/03 08:22:04 [91mIDE <-- LS     CL: NOTIFICATION $/progress: TOKEN=backgroundIndexProgress REPORT 56/354 15.819209039548022%[0m
2021/06/03 08:22:04 [92mIDE     LS <-- CL: NOTIFICATION $/progress: TOKEN=backgroundIndexProgress REPORT 57/354 16.10169491525424%[0m
2021/06/03 08:22:04 [92mIDE     LS <-- CL: NOTIFICATION $/progress: TOKEN=backgroundIndexProgress REPORT 57/354 16.10169491525424%[0m
2021/06/03 08:22:04 [91mIDE <-- LS     CL: NOTIFICATION $/progress: TOKEN=backgroundIndexProgress REPORT 57/354 16.10169491525424%[0m
2021/06/03 08:22:04 [92mIDE     LS <-- CL: NOTIFICATION $/progress: TOKEN=backgroundIndexProgress REPORT 58/354 16.384180790960453%[0m
2021/06/03 08:22:04 [92mIDE     LS <-- CL: NOTIFICATION $/progress: TOKEN=backgroundIndexProgress REPORT 58/354 16.384180790960453%[0m
2021/06/03 08:22:04 [91mIDE <-- LS     CL: NOTIFICATION $/progress: TOKEN=backgroundIndexProgress REPORT 58/354 16.384180790960453%[0m
2021/06/03 08:22:04 [91mIDE <-- LS     CL: NOTIFICATION $/progress: TOKEN=backgroundIndexProgress REPORT 58/354 16.384180790960453%[0m
2021/06/03 08:22:04 [92mIDE     LS <-- CL: NOTIFICATION $/progress: TOKEN=backgroundIndexProgress REPORT 59/354 16.666666666666668%[0m
2021/06/03 08:22:04 [91mIDE <-- LS     CL: NOTIFICATION $/progress: TOKEN=backgroundIndexProgress REPORT 59/354 16.666666666666668%[0m
2021/06/03 08:22:04 [92mIDE     LS <-- CL: NOTIFICATION $/progress: TOKEN=backgroundIndexProgress REPORT 59/354 16.666666666666668%[0m
2021/06/03 08:22:04 [91mIDE <-- LS     CL: NOTIFICATION $/progress: TOKEN=backgroundIndexProgress REPORT 59/354 16.666666666666668%[0m
2021/06/03 08:22:04 [92mIDE     LS <-- CL: NOTIFICATION $/progress: TOKEN=backgroundIndexProgress REPORT 60/354 16.949152542372882%[0m
2021/06/03 08:22:04 [92mIDE     LS <-- CL: NOTIFICATION $/progress: TOKEN=backgroundIndexProgress REPORT 60/354 16.949152542372882%[0m
2021/06/03 08:22:04 [91mIDE <-- LS     CL: NOTIFICATION $/progress: TOKEN=backgroundIndexProgress REPORT 60/354 16.949152542372882%[0m
2021/06/03 08:22:04 [92mIDE --> LS     CL: REQUEST shutdown 5: [0m
2021/06/03 08:22:04 IDE --> shutdown 5 [93m read-locked[0m
2021/06/03 08:22:04 IDE --> shutdown 5 sent to Clang
2021/06/03 08:22:04 [91mIDE     LS --> CL: REQUEST shutdown 6: [0m
2021/06/03 08:22:04 [92mIDE     LS <-- CL: ANSWER shutdown 6 (6): [0m
2021/06/03 08:22:04 IDE --> shutdown 5 Queued check document symbols
2021/06/03 08:22:04 IDE --> shutdown 5 [93m read-unlocked[0m
2021/06/03 08:22:04 [91mIDE <-- LS     CL: ANSWER UNBOUND (5): [0m
2021/06/03 08:22:04 SYCK--- [93m read-locked[0m
2021/06/03 08:22:04 SYCK--- requesting documentSymbol for file:///C:/Users/BAN_TAG/AppData/Local/Temp/arduino-language-server750121679/sketch/ESP32-CAM-adv.ino.cpp
2021/06/03 08:22:04 SYCK--- [93m read-unlocked[0m
2021/06/03 08:22:04 [91mIDE     LS --> CL: REQUEST textDocument/documentSymbol 7: [0m
2021/06/03 08:22:04 [92mIDE --> LS     CL: NOTIFICATION exit: [0m
2021/06/03 08:22:04 IDE --> exit notif6 [93m read-locked[0m
2021/06/03 08:22:04 IDE --> exit notif6 sent to Clang
2021/06/03 08:22:04 [91mIDE     LS --> CL: NOTIFICATION exit: [0m
2021/06/03 08:22:04 IDE --> exit notif6 [93m read-unlocked[0m
2021/06/03 08:22:04 [92mIDE     LS <-- CL: ANSWER textDocument/documentSymbol 7 (7): [0m
2021/06/03 08:22:04 SYCK--- [93m read-locked[0m
2021/06/03 08:22:04 SYCK---    symbol: Function printHeapStats 51:0-51:21
2021/06/03 08:22:04 SYCK---             > void printHeapStats()
2021/06/03 08:22:04 SYCK---    symbol: Function listDir 53:0-53:50
2021/06/03 08:22:04 SYCK---             > void listDir(const char * dirname, uint8_t levels)
2021/06/03 08:22:04 SYCK---    symbol: Function setLamp 55:0-55:24
2021/06/03 08:22:04 SYCK---             > void setLamp(int newVal)
2021/06/03 08:22:04 SYCK---    symbol: Function sendPicture 57:0-57:32
2021/06/03 08:22:04 SYCK---             > bool sendPicture(TBMessage* msg)
2021/06/03 08:22:04 SYCK---    symbol: Function checkTelegram 59:0-59:38
2021/06/03 08:22:04 SYCK---             > static void checkTelegram(void * args)
2021/06/03 08:22:04 SYCK---    symbol: Function setup 61:0-61:12
2021/06/03 08:22:04 SYCK---             > void setup()
2021/06/03 08:22:04 SYCK---    symbol: Function loop 63:0-63:11
2021/06/03 08:22:04 SYCK---             > void loop()
2021/06/03 08:22:04 SYCK---    symbol: Function printHeapStats 65:0-74:1
2021/06/03 08:22:04 SYCK---      TRIMMED> void printHeapStats() 
2021/06/03 08:22:04 SYCK---    symbol: Function listDir 77:0-99:1
2021/06/03 08:22:04 SYCK---      TRIMMED> void listDir(const char * dirname, uint8_t levels) 
2021/06/03 08:22:04 SYCK---    symbol: Function setLamp 102:0-112:1
2021/06/03 08:22:04 SYCK---      TRIMMED> void setLamp(int newVal) 
2021/06/03 08:22:04 SYCK---    symbol: Function sendPicture 116:0-154:1
2021/06/03 08:22:04 SYCK---      TRIMMED> bool sendPicture(TBMessage* msg) 
2021/06/03 08:22:04 SYCK---    symbol: Function checkTelegram 158:0-189:1
2021/06/03 08:22:04 SYCK---      TRIMMED> static void checkTelegram(void * args) 
2021/06/03 08:22:04 SYCK---    symbol: Function setup 191:0-267:1
2021/06/03 08:22:04 SYCK---      TRIMMED> void setup() 
2021/06/03 08:22:04 SYCK---    symbol: Function loop 269:0-271:1
2021/06/03 08:22:04 SYCK---      TRIMMED> void loop() 
2021/06/03 08:22:04 SYCK--- function symbols change detected, triggering sketch rebuild!
2021/06/03 08:22:04 SYCK--- [93m read-unlocked[0m
2021/06/03 08:22:04 SYCK--- (done)
2021/06/03 08:22:04 [92mIDE     LS <-- CL: NOTIFICATION $/progress: TOKEN=backgroundIndexProgress REPORT 61/354 17.231638418079097%[0m
2021/06/03 08:22:04 [91mIDE <-- LS     CL: NOTIFICATION $/progress: TOKEN=backgroundIndexProgress REPORT 61/354 17.231638418079097%[0m
2021/06/03 08:22:04 [92mIDE     LS <-- CL: NOTIFICATION $/progress: TOKEN=backgroundIndexProgress REPORT 62/354 17.51412429378531%[0m
2021/06/03 08:22:04 [91mIDE <-- LS     CL: NOTIFICATION $/progress: TOKEN=backgroundIndexProgress REPORT 62/354 17.51412429378531%[0m
2021/06/03 08:22:05 [92mIDE     LS <-- CL: NOTIFICATION $/progress: TOKEN=backgroundIndexProgress REPORT 63/354 17.796610169491526%[0m
2021/06/03 08:22:05 [91mIDE <-- LS     CL: NOTIFICATION $/progress: TOKEN=backgroundIndexProgress REPORT 63/354 17.796610169491526%[0m
